[2026-07-02T10:23:01.789+0000] {manager.py:470} INFO - Processing files using up to 2 processes at a time 
[2026-07-02T10:23:01.793+0000] {manager.py:471} INFO - Process each file at most once every 30 seconds
[2026-07-02T10:23:01.800+0000] {manager.py:472} INFO - Checking for new files in /opt/airflow/dags every 300 seconds
[2026-07-02T10:23:01.804+0000] {manager.py:737} INFO - Searching for files in /opt/airflow/dags
[2026-07-02T10:23:01.845+0000] {manager.py:740} INFO - There are 1 files in /opt/airflow/dags
[2026-07-02T10:23:02.155+0000] {manager.py:878} INFO - 
================================================================================
DAG File Processing Stats

File Path                                        PID  Runtime      # DAGs    # Errors  Last Runtime    Last Run
---------------------------------------------  -----  ---------  --------  ----------  --------------  ----------
/opt/airflow/dags/real_estate_pipeline_dag.py    168  0.14s             0           0
================================================================================
[2026-07-02T10:23:32.454+0000] {manager.py:878} INFO - 
================================================================================
DAG File Processing Stats

File Path                                      PID    Runtime      # DAGs    # Errors  Last Runtime    Last Run
---------------------------------------------  -----  ---------  --------  ----------  --------------  -------------------
/opt/airflow/dags/real_estate_pipeline_dag.py                           1           0  1.57s           2026-07-02T10:23:03
================================================================================
[2026-07-02T10:24:03.133+0000] {manager.py:878} INFO - 
================================================================================
DAG File Processing Stats

File Path                                      PID    Runtime      # DAGs    # Errors  Last Runtime    Last Run
---------------------------------------------  -----  ---------  --------  ----------  --------------  -------------------
/opt/airflow/dags/real_estate_pipeline_dag.py                           1           0  1.09s           2026-07-02T10:23:34
================================================================================
[2026-07-02T10:24:33.320+0000] {manager.py:878} INFO - 
================================================================================
DAG File Processing Stats

File Path                                      PID    Runtime      # DAGs    # Errors  Last Runtime    Last Run
---------------------------------------------  -----  ---------  --------  ----------  --------------  -------------------
/opt/airflow/dags/real_estate_pipeline_dag.py                           1           0  0.91s           2026-07-02T10:24:06
================================================================================
[2026-07-02T10:25:03.745+0000] {manager.py:878} INFO - 
================================================================================
DAG File Processing Stats

File Path                                      PID    Runtime      # DAGs    # Errors  Last Runtime    Last Run
---------------------------------------------  -----  ---------  --------  ----------  --------------  -------------------
/opt/airflow/dags/real_estate_pipeline_dag.py                           1           0  0.65s           2026-07-02T10:24:37
================================================================================
[2026-07-02T10:25:33.796+0000] {manager.py:878} INFO - 
================================================================================
DAG File Processing Stats

File Path                                      PID    Runtime      # DAGs    # Errors  Last Runtime    Last Run
---------------------------------------------  -----  ---------  --------  ----------  --------------  -------------------
/opt/airflow/dags/real_estate_pipeline_dag.py                           1           0  1.28s           2026-07-02T10:25:08
================================================================================
[2026-07-02T10:26:03.857+0000] {manager.py:878} INFO - 
================================================================================
DAG File Processing Stats

File Path                                      PID    Runtime      # DAGs    # Errors  Last Runtime    Last Run
---------------------------------------------  -----  ---------  --------  ----------  --------------  -------------------
/opt/airflow/dags/real_estate_pipeline_dag.py                           1           0  1.03s           2026-07-02T10:25:39
================================================================================
[2026-07-02T10:26:34.016+0000] {manager.py:878} INFO - 
================================================================================
DAG File Processing Stats

File Path                                      PID    Runtime      # DAGs    # Errors  Last Runtime    Last Run
---------------------------------------------  -----  ---------  --------  ----------  --------------  -------------------
/opt/airflow/dags/real_estate_pipeline_dag.py                           1           0  0.90s           2026-07-02T10:26:10
================================================================================
[2026-07-02T10:27:04.414+0000] {manager.py:878} INFO - 
================================================================================
DAG File Processing Stats

File Path                                      PID    Runtime      # DAGs    # Errors  Last Runtime    Last Run
---------------------------------------------  -----  ---------  --------  ----------  --------------  -------------------
/opt/airflow/dags/real_estate_pipeline_dag.py                           1           0  0.46s           2026-07-02T10:26:41
================================================================================
[2026-07-02T10:27:34.670+0000] {manager.py:878} INFO - 
================================================================================
DAG File Processing Stats

File Path                                      PID    Runtime      # DAGs    # Errors  Last Runtime    Last Run
---------------------------------------------  -----  ---------  --------  ----------  --------------  -------------------
/opt/airflow/dags/real_estate_pipeline_dag.py                           1           0  6.82s           2026-07-02T10:27:18
================================================================================
[2026-07-02T10:28:01.986+0000] {manager.py:737} INFO - Searching for files in /opt/airflow/dags
[2026-07-02T10:28:02.057+0000] {manager.py:740} INFO - There are 1 files in /opt/airflow/dags
[2026-07-02T10:28:04.711+0000] {manager.py:878} INFO - 
================================================================================
DAG File Processing Stats

File Path                                      PID    Runtime      # DAGs    # Errors  Last Runtime    Last Run
---------------------------------------------  -----  ---------  --------  ----------  --------------  -------------------
/opt/airflow/dags/real_estate_pipeline_dag.py                           1           0  0.74s           2026-07-02T10:27:49
================================================================================
[2026-07-02T10:28:34.714+0000] {manager.py:878} INFO - 
================================================================================
DAG File Processing Stats

File Path                                      PID    Runtime      # DAGs    # Errors  Last Runtime    Last Run
---------------------------------------------  -----  ---------  --------  ----------  --------------  -------------------
/opt/airflow/dags/real_estate_pipeline_dag.py                           1           0  0.75s           2026-07-02T10:28:20
================================================================================
[2026-07-02T10:29:04.878+0000] {manager.py:878} INFO - 
================================================================================
DAG File Processing Stats

File Path                                      PID    Runtime      # DAGs    # Errors  Last Runtime    Last Run
---------------------------------------------  -----  ---------  --------  ----------  --------------  -------------------
/opt/airflow/dags/real_estate_pipeline_dag.py                           1           0  0.68s           2026-07-02T10:28:51
================================================================================
[2026-07-02T10:29:35.144+0000] {manager.py:878} INFO - 
================================================================================
DAG File Processing Stats

File Path                                      PID    Runtime      # DAGs    # Errors  Last Runtime    Last Run
---------------------------------------------  -----  ---------  --------  ----------  --------------  -------------------
/opt/airflow/dags/real_estate_pipeline_dag.py                           1           0  0.35s           2026-07-02T10:29:22
================================================================================
[2026-07-02T10:30:05.708+0000] {manager.py:878} INFO - 
================================================================================
DAG File Processing Stats

File Path                                      PID    Runtime      # DAGs    # Errors  Last Runtime    Last Run
---------------------------------------------  -----  ---------  --------  ----------  --------------  -------------------
/opt/airflow/dags/real_estate_pipeline_dag.py                           1           0  0.36s           2026-07-02T10:29:52
================================================================================
[2026-07-02T10:30:36.310+0000] {manager.py:878} INFO - 
================================================================================
DAG File Processing Stats

File Path                                      PID    Runtime      # DAGs    # Errors  Last Runtime    Last Run
---------------------------------------------  -----  ---------  --------  ----------  --------------  -------------------
/opt/airflow/dags/real_estate_pipeline_dag.py                           1           0  0.36s           2026-07-02T10:30:23
================================================================================
[2026-07-02T10:31:06.913+0000] {manager.py:878} INFO - 
================================================================================
DAG File Processing Stats

File Path                                      PID    Runtime      # DAGs    # Errors  Last Runtime    Last Run
---------------------------------------------  -----  ---------  --------  ----------  --------------  -------------------
/opt/airflow/dags/real_estate_pipeline_dag.py                           1           0  0.36s           2026-07-02T10:30:54
================================================================================
[2026-07-02T10:31:37.516+0000] {manager.py:878} INFO - 
================================================================================
DAG File Processing Stats

File Path                                      PID    Runtime      # DAGs    # Errors  Last Runtime    Last Run
---------------------------------------------  -----  ---------  --------  ----------  --------------  -------------------
/opt/airflow/dags/real_estate_pipeline_dag.py                           1           0  0.35s           2026-07-02T10:31:24
================================================================================
[2026-07-02T10:32:07.526+0000] {manager.py:878} INFO - 
================================================================================
DAG File Processing Stats

File Path                                      PID    Runtime      # DAGs    # Errors  Last Runtime    Last Run
---------------------------------------------  -----  ---------  --------  ----------  --------------  -------------------
/opt/airflow/dags/real_estate_pipeline_dag.py                           1           0  0.41s           2026-07-02T10:31:55
================================================================================
[2026-07-02T10:32:37.799+0000] {manager.py:878} INFO - 
================================================================================
DAG File Processing Stats

File Path                                      PID    Runtime      # DAGs    # Errors  Last Runtime    Last Run
---------------------------------------------  -----  ---------  --------  ----------  --------------  -------------------
/opt/airflow/dags/real_estate_pipeline_dag.py                           1           0  0.36s           2026-07-02T10:32:26
================================================================================
[2026-07-02T10:33:02.026+0000] {manager.py:737} INFO - Searching for files in /opt/airflow/dags
[2026-07-02T10:33:02.146+0000] {manager.py:740} INFO - There are 1 files in /opt/airflow/dags
[2026-07-02T10:33:08.292+0000] {manager.py:878} INFO - 
================================================================================
DAG File Processing Stats

File Path                                      PID    Runtime      # DAGs    # Errors  Last Runtime    Last Run
---------------------------------------------  -----  ---------  --------  ----------  --------------  -------------------
/opt/airflow/dags/real_estate_pipeline_dag.py                           1           0  0.81s           2026-07-02T10:32:57
================================================================================
[2026-07-02T10:33:38.590+0000] {manager.py:878} INFO - 
================================================================================
DAG File Processing Stats

File Path                                      PID    Runtime      # DAGs    # Errors  Last Runtime    Last Run
---------------------------------------------  -----  ---------  --------  ----------  --------------  -------------------
/opt/airflow/dags/real_estate_pipeline_dag.py                           1           0  0.39s           2026-07-02T10:33:27
================================================================================
