[2026-07-02T10:23:02.108+0000] {processor.py:161} INFO - Started process (PID=168) to work on /opt/airflow/dags/real_estate_pipeline_dag.py
[2026-07-02T10:23:02.112+0000] {processor.py:830} INFO - Processing file /opt/airflow/dags/real_estate_pipeline_dag.py for tasks to queue
[2026-07-02T10:23:02.124+0000] {logging_mixin.py:188} INFO - [2026-07-02T10:23:02.122+0000] {dagbag.py:545} INFO - Filling up the DagBag from /opt/airflow/dags/real_estate_pipeline_dag.py
[2026-07-02T10:23:02.398+0000] {processor.py:840} INFO - DAG(s) 'real_estate_pipeline' retrieved from /opt/airflow/dags/real_estate_pipeline_dag.py
[2026-07-02T10:23:03.354+0000] {logging_mixin.py:188} INFO - [2026-07-02T10:23:03.353+0000] {override.py:1829} INFO - Created Permission View: can delete on DAG:real_estate_pipeline
[2026-07-02T10:23:03.399+0000] {logging_mixin.py:188} INFO - [2026-07-02T10:23:03.398+0000] {override.py:1829} INFO - Created Permission View: can edit on DAG:real_estate_pipeline
[2026-07-02T10:23:03.421+0000] {logging_mixin.py:188} INFO - [2026-07-02T10:23:03.420+0000] {override.py:1829} INFO - Created Permission View: can read on DAG:real_estate_pipeline
[2026-07-02T10:23:03.423+0000] {logging_mixin.py:188} INFO - [2026-07-02T10:23:03.422+0000] {dag.py:3096} INFO - Sync 1 DAGs
[2026-07-02T10:23:03.452+0000] {logging_mixin.py:188} INFO - [2026-07-02T10:23:03.451+0000] {dag.py:3118} INFO - Creating ORM DAG for real_estate_pipeline
[2026-07-02T10:23:03.477+0000] {logging_mixin.py:188} INFO - [2026-07-02T10:23:03.477+0000] {dag.py:3954} INFO - Setting next_dagrun for real_estate_pipeline to 2026-07-01 00:00:00+00:00, run_after=2026-07-02 00:00:00+00:00
[2026-07-02T10:23:03.536+0000] {processor.py:183} INFO - Processing /opt/airflow/dags/real_estate_pipeline_dag.py took 1.446 seconds
[2026-07-02T10:23:34.081+0000] {processor.py:161} INFO - Started process (PID=173) to work on /opt/airflow/dags/real_estate_pipeline_dag.py
[2026-07-02T10:23:34.087+0000] {processor.py:830} INFO - Processing file /opt/airflow/dags/real_estate_pipeline_dag.py for tasks to queue
[2026-07-02T10:23:34.106+0000] {logging_mixin.py:188} INFO - [2026-07-02T10:23:34.102+0000] {dagbag.py:545} INFO - Filling up the DagBag from /opt/airflow/dags/real_estate_pipeline_dag.py
[2026-07-02T10:23:34.297+0000] {processor.py:840} INFO - DAG(s) 'real_estate_pipeline' retrieved from /opt/airflow/dags/real_estate_pipeline_dag.py
[2026-07-02T10:23:34.628+0000] {logging_mixin.py:188} INFO - [2026-07-02T10:23:34.628+0000] {dag.py:3096} INFO - Sync 1 DAGs
[2026-07-02T10:23:34.789+0000] {logging_mixin.py:188} INFO - [2026-07-02T10:23:34.789+0000] {dag.py:3954} INFO - Setting next_dagrun for real_estate_pipeline to 2026-07-01 00:00:00+00:00, run_after=2026-07-02 00:00:00+00:00
[2026-07-02T10:23:34.892+0000] {processor.py:183} INFO - Processing /opt/airflow/dags/real_estate_pipeline_dag.py took 0.909 seconds
[2026-07-02T10:24:05.306+0000] {processor.py:161} INFO - Started process (PID=178) to work on /opt/airflow/dags/real_estate_pipeline_dag.py
[2026-07-02T10:24:05.309+0000] {processor.py:830} INFO - Processing file /opt/airflow/dags/real_estate_pipeline_dag.py for tasks to queue
[2026-07-02T10:24:05.327+0000] {logging_mixin.py:188} INFO - [2026-07-02T10:24:05.325+0000] {dagbag.py:545} INFO - Filling up the DagBag from /opt/airflow/dags/real_estate_pipeline_dag.py
[2026-07-02T10:24:05.530+0000] {processor.py:840} INFO - DAG(s) 'real_estate_pipeline' retrieved from /opt/airflow/dags/real_estate_pipeline_dag.py
[2026-07-02T10:24:05.830+0000] {logging_mixin.py:188} INFO - [2026-07-02T10:24:05.829+0000] {dag.py:3096} INFO - Sync 1 DAGs
[2026-07-02T10:24:05.961+0000] {logging_mixin.py:188} INFO - [2026-07-02T10:24:05.961+0000] {dag.py:3954} INFO - Setting next_dagrun for real_estate_pipeline to 2026-07-01 00:00:00+00:00, run_after=2026-07-02 00:00:00+00:00
[2026-07-02T10:24:06.054+0000] {processor.py:183} INFO - Processing /opt/airflow/dags/real_estate_pipeline_dag.py took 0.787 seconds
[2026-07-02T10:24:36.436+0000] {processor.py:161} INFO - Started process (PID=183) to work on /opt/airflow/dags/real_estate_pipeline_dag.py
[2026-07-02T10:24:36.447+0000] {processor.py:830} INFO - Processing file /opt/airflow/dags/real_estate_pipeline_dag.py for tasks to queue
[2026-07-02T10:24:36.451+0000] {logging_mixin.py:188} INFO - [2026-07-02T10:24:36.450+0000] {dagbag.py:545} INFO - Filling up the DagBag from /opt/airflow/dags/real_estate_pipeline_dag.py
[2026-07-02T10:24:36.635+0000] {processor.py:840} INFO - DAG(s) 'real_estate_pipeline' retrieved from /opt/airflow/dags/real_estate_pipeline_dag.py
[2026-07-02T10:24:36.809+0000] {logging_mixin.py:188} INFO - [2026-07-02T10:24:36.809+0000] {dag.py:3096} INFO - Sync 1 DAGs
[2026-07-02T10:24:36.886+0000] {logging_mixin.py:188} INFO - [2026-07-02T10:24:36.886+0000] {dag.py:3954} INFO - Setting next_dagrun for real_estate_pipeline to 2026-07-01 00:00:00+00:00, run_after=2026-07-02 00:00:00+00:00
[2026-07-02T10:24:36.989+0000] {processor.py:183} INFO - Processing /opt/airflow/dags/real_estate_pipeline_dag.py took 0.575 seconds
[2026-07-02T10:25:07.504+0000] {processor.py:161} INFO - Started process (PID=188) to work on /opt/airflow/dags/real_estate_pipeline_dag.py
[2026-07-02T10:25:07.509+0000] {processor.py:830} INFO - Processing file /opt/airflow/dags/real_estate_pipeline_dag.py for tasks to queue
[2026-07-02T10:25:07.515+0000] {logging_mixin.py:188} INFO - [2026-07-02T10:25:07.514+0000] {dagbag.py:545} INFO - Filling up the DagBag from /opt/airflow/dags/real_estate_pipeline_dag.py
[2026-07-02T10:25:07.803+0000] {processor.py:840} INFO - DAG(s) 'real_estate_pipeline' retrieved from /opt/airflow/dags/real_estate_pipeline_dag.py
[2026-07-02T10:25:08.251+0000] {logging_mixin.py:188} INFO - [2026-07-02T10:25:08.250+0000] {dag.py:3096} INFO - Sync 1 DAGs
[2026-07-02T10:25:08.423+0000] {logging_mixin.py:188} INFO - [2026-07-02T10:25:08.421+0000] {dag.py:3954} INFO - Setting next_dagrun for real_estate_pipeline to 2026-07-01 00:00:00+00:00, run_after=2026-07-02 00:00:00+00:00
[2026-07-02T10:25:08.555+0000] {processor.py:183} INFO - Processing /opt/airflow/dags/real_estate_pipeline_dag.py took 1.101 seconds
[2026-07-02T10:25:38.720+0000] {processor.py:161} INFO - Started process (PID=193) to work on /opt/airflow/dags/real_estate_pipeline_dag.py
[2026-07-02T10:25:38.733+0000] {processor.py:830} INFO - Processing file /opt/airflow/dags/real_estate_pipeline_dag.py for tasks to queue
[2026-07-02T10:25:38.749+0000] {logging_mixin.py:188} INFO - [2026-07-02T10:25:38.746+0000] {dagbag.py:545} INFO - Filling up the DagBag from /opt/airflow/dags/real_estate_pipeline_dag.py
[2026-07-02T10:25:38.962+0000] {processor.py:840} INFO - DAG(s) 'real_estate_pipeline' retrieved from /opt/airflow/dags/real_estate_pipeline_dag.py
[2026-07-02T10:25:39.297+0000] {logging_mixin.py:188} INFO - [2026-07-02T10:25:39.297+0000] {dag.py:3096} INFO - Sync 1 DAGs
[2026-07-02T10:25:39.521+0000] {logging_mixin.py:188} INFO - [2026-07-02T10:25:39.520+0000] {dag.py:3954} INFO - Setting next_dagrun for real_estate_pipeline to 2026-07-01 00:00:00+00:00, run_after=2026-07-02 00:00:00+00:00
[2026-07-02T10:25:39.624+0000] {processor.py:183} INFO - Processing /opt/airflow/dags/real_estate_pipeline_dag.py took 0.948 seconds
[2026-07-02T10:26:10.014+0000] {processor.py:161} INFO - Started process (PID=198) to work on /opt/airflow/dags/real_estate_pipeline_dag.py
[2026-07-02T10:26:10.017+0000] {processor.py:830} INFO - Processing file /opt/airflow/dags/real_estate_pipeline_dag.py for tasks to queue
[2026-07-02T10:26:10.024+0000] {logging_mixin.py:188} INFO - [2026-07-02T10:26:10.023+0000] {dagbag.py:545} INFO - Filling up the DagBag from /opt/airflow/dags/real_estate_pipeline_dag.py
[2026-07-02T10:26:10.084+0000] {processor.py:840} INFO - DAG(s) 'real_estate_pipeline' retrieved from /opt/airflow/dags/real_estate_pipeline_dag.py
[2026-07-02T10:26:10.478+0000] {logging_mixin.py:188} INFO - [2026-07-02T10:26:10.477+0000] {dag.py:3096} INFO - Sync 1 DAGs
[2026-07-02T10:26:10.649+0000] {logging_mixin.py:188} INFO - [2026-07-02T10:26:10.648+0000] {dag.py:3954} INFO - Setting next_dagrun for real_estate_pipeline to 2026-07-01 00:00:00+00:00, run_after=2026-07-02 00:00:00+00:00
[2026-07-02T10:26:10.793+0000] {processor.py:183} INFO - Processing /opt/airflow/dags/real_estate_pipeline_dag.py took 0.799 seconds
[2026-07-02T10:26:41.147+0000] {processor.py:161} INFO - Started process (PID=203) to work on /opt/airflow/dags/real_estate_pipeline_dag.py
[2026-07-02T10:26:41.150+0000] {processor.py:830} INFO - Processing file /opt/airflow/dags/real_estate_pipeline_dag.py for tasks to queue
[2026-07-02T10:26:41.159+0000] {logging_mixin.py:188} INFO - [2026-07-02T10:26:41.158+0000] {dagbag.py:545} INFO - Filling up the DagBag from /opt/airflow/dags/real_estate_pipeline_dag.py
[2026-07-02T10:26:41.219+0000] {processor.py:840} INFO - DAG(s) 'real_estate_pipeline' retrieved from /opt/airflow/dags/real_estate_pipeline_dag.py
[2026-07-02T10:26:41.401+0000] {logging_mixin.py:188} INFO - [2026-07-02T10:26:41.400+0000] {dag.py:3096} INFO - Sync 1 DAGs
[2026-07-02T10:26:41.477+0000] {logging_mixin.py:188} INFO - [2026-07-02T10:26:41.477+0000] {dag.py:3954} INFO - Setting next_dagrun for real_estate_pipeline to 2026-07-01 00:00:00+00:00, run_after=2026-07-02 00:00:00+00:00
[2026-07-02T10:26:41.525+0000] {processor.py:183} INFO - Processing /opt/airflow/dags/real_estate_pipeline_dag.py took 0.390 seconds
[2026-07-02T10:27:11.921+0000] {processor.py:161} INFO - Started process (PID=208) to work on /opt/airflow/dags/real_estate_pipeline_dag.py
[2026-07-02T10:27:11.926+0000] {processor.py:830} INFO - Processing file /opt/airflow/dags/real_estate_pipeline_dag.py for tasks to queue
[2026-07-02T10:27:11.930+0000] {logging_mixin.py:188} INFO - [2026-07-02T10:27:11.929+0000] {dagbag.py:545} INFO - Filling up the DagBag from /opt/airflow/dags/real_estate_pipeline_dag.py
[2026-07-02T10:27:11.984+0000] {processor.py:840} INFO - DAG(s) 'real_estate_pipeline' retrieved from /opt/airflow/dags/real_estate_pipeline_dag.py
[2026-07-02T10:27:12.093+0000] {logging_mixin.py:188} INFO - [2026-07-02T10:27:12.093+0000] {dag.py:3096} INFO - Sync 1 DAGs
[2026-07-02T10:27:12.139+0000] {logging_mixin.py:188} INFO - [2026-07-02T10:27:12.139+0000] {dag.py:3954} INFO - Setting next_dagrun for real_estate_pipeline to 2026-07-01 00:00:00+00:00, run_after=2026-07-02 00:00:00+00:00
[2026-07-02T10:27:18.588+0000] {processor.py:183} INFO - Processing /opt/airflow/dags/real_estate_pipeline_dag.py took 6.679 seconds
[2026-07-02T10:27:48.892+0000] {processor.py:161} INFO - Started process (PID=213) to work on /opt/airflow/dags/real_estate_pipeline_dag.py
[2026-07-02T10:27:48.899+0000] {processor.py:830} INFO - Processing file /opt/airflow/dags/real_estate_pipeline_dag.py for tasks to queue
[2026-07-02T10:27:48.905+0000] {logging_mixin.py:188} INFO - [2026-07-02T10:27:48.904+0000] {dagbag.py:545} INFO - Filling up the DagBag from /opt/airflow/dags/real_estate_pipeline_dag.py
[2026-07-02T10:27:48.967+0000] {processor.py:840} INFO - DAG(s) 'real_estate_pipeline' retrieved from /opt/airflow/dags/real_estate_pipeline_dag.py
[2026-07-02T10:27:49.084+0000] {logging_mixin.py:188} INFO - [2026-07-02T10:27:49.083+0000] {dag.py:3096} INFO - Sync 1 DAGs
[2026-07-02T10:27:49.472+0000] {logging_mixin.py:188} INFO - [2026-07-02T10:27:49.471+0000] {dag.py:3954} INFO - Setting next_dagrun for real_estate_pipeline to 2026-07-01 00:00:00+00:00, run_after=2026-07-02 00:00:00+00:00
[2026-07-02T10:27:49.512+0000] {processor.py:183} INFO - Processing /opt/airflow/dags/real_estate_pipeline_dag.py took 0.650 seconds
[2026-07-02T10:28:19.938+0000] {processor.py:161} INFO - Started process (PID=218) to work on /opt/airflow/dags/real_estate_pipeline_dag.py
[2026-07-02T10:28:19.944+0000] {processor.py:830} INFO - Processing file /opt/airflow/dags/real_estate_pipeline_dag.py for tasks to queue
[2026-07-02T10:28:19.950+0000] {logging_mixin.py:188} INFO - [2026-07-02T10:28:19.949+0000] {dagbag.py:545} INFO - Filling up the DagBag from /opt/airflow/dags/real_estate_pipeline_dag.py
[2026-07-02T10:28:20.016+0000] {processor.py:840} INFO - DAG(s) 'real_estate_pipeline' retrieved from /opt/airflow/dags/real_estate_pipeline_dag.py
[2026-07-02T10:28:20.497+0000] {logging_mixin.py:188} INFO - [2026-07-02T10:28:20.496+0000] {dag.py:3096} INFO - Sync 1 DAGs
[2026-07-02T10:28:20.539+0000] {logging_mixin.py:188} INFO - [2026-07-02T10:28:20.539+0000] {dag.py:3954} INFO - Setting next_dagrun for real_estate_pipeline to 2026-07-01 00:00:00+00:00, run_after=2026-07-02 00:00:00+00:00
[2026-07-02T10:28:20.578+0000] {processor.py:183} INFO - Processing /opt/airflow/dags/real_estate_pipeline_dag.py took 0.656 seconds
[2026-07-02T10:28:50.932+0000] {processor.py:161} INFO - Started process (PID=223) to work on /opt/airflow/dags/real_estate_pipeline_dag.py
[2026-07-02T10:28:50.936+0000] {processor.py:830} INFO - Processing file /opt/airflow/dags/real_estate_pipeline_dag.py for tasks to queue
[2026-07-02T10:28:50.941+0000] {logging_mixin.py:188} INFO - [2026-07-02T10:28:50.940+0000] {dagbag.py:545} INFO - Filling up the DagBag from /opt/airflow/dags/real_estate_pipeline_dag.py
[2026-07-02T10:28:51.322+0000] {processor.py:840} INFO - DAG(s) 'real_estate_pipeline' retrieved from /opt/airflow/dags/real_estate_pipeline_dag.py
[2026-07-02T10:28:51.423+0000] {logging_mixin.py:188} INFO - [2026-07-02T10:28:51.422+0000] {dag.py:3096} INFO - Sync 1 DAGs
[2026-07-02T10:28:51.462+0000] {logging_mixin.py:188} INFO - [2026-07-02T10:28:51.462+0000] {dag.py:3954} INFO - Setting next_dagrun for real_estate_pipeline to 2026-07-01 00:00:00+00:00, run_after=2026-07-02 00:00:00+00:00
[2026-07-02T10:28:51.504+0000] {processor.py:183} INFO - Processing /opt/airflow/dags/real_estate_pipeline_dag.py took 0.590 seconds
[2026-07-02T10:29:22.099+0000] {processor.py:161} INFO - Started process (PID=228) to work on /opt/airflow/dags/real_estate_pipeline_dag.py
[2026-07-02T10:29:22.102+0000] {processor.py:830} INFO - Processing file /opt/airflow/dags/real_estate_pipeline_dag.py for tasks to queue
[2026-07-02T10:29:22.107+0000] {logging_mixin.py:188} INFO - [2026-07-02T10:29:22.106+0000] {dagbag.py:545} INFO - Filling up the DagBag from /opt/airflow/dags/real_estate_pipeline_dag.py
[2026-07-02T10:29:22.165+0000] {processor.py:840} INFO - DAG(s) 'real_estate_pipeline' retrieved from /opt/airflow/dags/real_estate_pipeline_dag.py
[2026-07-02T10:29:22.273+0000] {logging_mixin.py:188} INFO - [2026-07-02T10:29:22.273+0000] {dag.py:3096} INFO - Sync 1 DAGs
[2026-07-02T10:29:22.318+0000] {logging_mixin.py:188} INFO - [2026-07-02T10:29:22.318+0000] {dag.py:3954} INFO - Setting next_dagrun for real_estate_pipeline to 2026-07-01 00:00:00+00:00, run_after=2026-07-02 00:00:00+00:00
[2026-07-02T10:29:22.356+0000] {processor.py:183} INFO - Processing /opt/airflow/dags/real_estate_pipeline_dag.py took 0.273 seconds
[2026-07-02T10:29:52.669+0000] {processor.py:161} INFO - Started process (PID=233) to work on /opt/airflow/dags/real_estate_pipeline_dag.py
[2026-07-02T10:29:52.673+0000] {processor.py:830} INFO - Processing file /opt/airflow/dags/real_estate_pipeline_dag.py for tasks to queue
[2026-07-02T10:29:52.679+0000] {logging_mixin.py:188} INFO - [2026-07-02T10:29:52.678+0000] {dagbag.py:545} INFO - Filling up the DagBag from /opt/airflow/dags/real_estate_pipeline_dag.py
[2026-07-02T10:29:52.740+0000] {processor.py:840} INFO - DAG(s) 'real_estate_pipeline' retrieved from /opt/airflow/dags/real_estate_pipeline_dag.py
[2026-07-02T10:29:52.845+0000] {logging_mixin.py:188} INFO - [2026-07-02T10:29:52.845+0000] {dag.py:3096} INFO - Sync 1 DAGs
[2026-07-02T10:29:52.893+0000] {logging_mixin.py:188} INFO - [2026-07-02T10:29:52.892+0000] {dag.py:3954} INFO - Setting next_dagrun for real_estate_pipeline to 2026-07-01 00:00:00+00:00, run_after=2026-07-02 00:00:00+00:00
[2026-07-02T10:29:52.938+0000] {processor.py:183} INFO - Processing /opt/airflow/dags/real_estate_pipeline_dag.py took 0.282 seconds
[2026-07-02T10:30:23.262+0000] {processor.py:161} INFO - Started process (PID=238) to work on /opt/airflow/dags/real_estate_pipeline_dag.py
[2026-07-02T10:30:23.264+0000] {processor.py:830} INFO - Processing file /opt/airflow/dags/real_estate_pipeline_dag.py for tasks to queue
[2026-07-02T10:30:23.270+0000] {logging_mixin.py:188} INFO - [2026-07-02T10:30:23.269+0000] {dagbag.py:545} INFO - Filling up the DagBag from /opt/airflow/dags/real_estate_pipeline_dag.py
[2026-07-02T10:30:23.335+0000] {processor.py:840} INFO - DAG(s) 'real_estate_pipeline' retrieved from /opt/airflow/dags/real_estate_pipeline_dag.py
[2026-07-02T10:30:23.447+0000] {logging_mixin.py:188} INFO - [2026-07-02T10:30:23.447+0000] {dag.py:3096} INFO - Sync 1 DAGs
[2026-07-02T10:30:23.497+0000] {logging_mixin.py:188} INFO - [2026-07-02T10:30:23.496+0000] {dag.py:3954} INFO - Setting next_dagrun for real_estate_pipeline to 2026-07-01 00:00:00+00:00, run_after=2026-07-02 00:00:00+00:00
[2026-07-02T10:30:23.540+0000] {processor.py:183} INFO - Processing /opt/airflow/dags/real_estate_pipeline_dag.py took 0.291 seconds
[2026-07-02T10:30:53.872+0000] {processor.py:161} INFO - Started process (PID=243) to work on /opt/airflow/dags/real_estate_pipeline_dag.py
[2026-07-02T10:30:53.874+0000] {processor.py:830} INFO - Processing file /opt/airflow/dags/real_estate_pipeline_dag.py for tasks to queue
[2026-07-02T10:30:53.878+0000] {logging_mixin.py:188} INFO - [2026-07-02T10:30:53.877+0000] {dagbag.py:545} INFO - Filling up the DagBag from /opt/airflow/dags/real_estate_pipeline_dag.py
[2026-07-02T10:30:53.936+0000] {processor.py:840} INFO - DAG(s) 'real_estate_pipeline' retrieved from /opt/airflow/dags/real_estate_pipeline_dag.py
[2026-07-02T10:30:54.050+0000] {logging_mixin.py:188} INFO - [2026-07-02T10:30:54.050+0000] {dag.py:3096} INFO - Sync 1 DAGs
[2026-07-02T10:30:54.097+0000] {logging_mixin.py:188} INFO - [2026-07-02T10:30:54.097+0000] {dag.py:3954} INFO - Setting next_dagrun for real_estate_pipeline to 2026-07-01 00:00:00+00:00, run_after=2026-07-02 00:00:00+00:00
[2026-07-02T10:30:54.140+0000] {processor.py:183} INFO - Processing /opt/airflow/dags/real_estate_pipeline_dag.py took 0.292 seconds
[2026-07-02T10:31:24.472+0000] {processor.py:161} INFO - Started process (PID=248) to work on /opt/airflow/dags/real_estate_pipeline_dag.py
[2026-07-02T10:31:24.474+0000] {processor.py:830} INFO - Processing file /opt/airflow/dags/real_estate_pipeline_dag.py for tasks to queue
[2026-07-02T10:31:24.478+0000] {logging_mixin.py:188} INFO - [2026-07-02T10:31:24.478+0000] {dagbag.py:545} INFO - Filling up the DagBag from /opt/airflow/dags/real_estate_pipeline_dag.py
[2026-07-02T10:31:24.533+0000] {processor.py:840} INFO - DAG(s) 'real_estate_pipeline' retrieved from /opt/airflow/dags/real_estate_pipeline_dag.py
[2026-07-02T10:31:24.651+0000] {logging_mixin.py:188} INFO - [2026-07-02T10:31:24.651+0000] {dag.py:3096} INFO - Sync 1 DAGs
[2026-07-02T10:31:24.696+0000] {logging_mixin.py:188} INFO - [2026-07-02T10:31:24.696+0000] {dag.py:3954} INFO - Setting next_dagrun for real_estate_pipeline to 2026-07-01 00:00:00+00:00, run_after=2026-07-02 00:00:00+00:00
[2026-07-02T10:31:24.738+0000] {processor.py:183} INFO - Processing /opt/airflow/dags/real_estate_pipeline_dag.py took 0.279 seconds
[2026-07-02T10:31:55.087+0000] {processor.py:161} INFO - Started process (PID=253) to work on /opt/airflow/dags/real_estate_pipeline_dag.py
[2026-07-02T10:31:55.093+0000] {processor.py:830} INFO - Processing file /opt/airflow/dags/real_estate_pipeline_dag.py for tasks to queue
[2026-07-02T10:31:55.099+0000] {logging_mixin.py:188} INFO - [2026-07-02T10:31:55.098+0000] {dagbag.py:545} INFO - Filling up the DagBag from /opt/airflow/dags/real_estate_pipeline_dag.py
[2026-07-02T10:31:55.176+0000] {processor.py:840} INFO - DAG(s) 'real_estate_pipeline' retrieved from /opt/airflow/dags/real_estate_pipeline_dag.py
[2026-07-02T10:31:55.299+0000] {logging_mixin.py:188} INFO - [2026-07-02T10:31:55.298+0000] {dag.py:3096} INFO - Sync 1 DAGs
[2026-07-02T10:31:55.349+0000] {logging_mixin.py:188} INFO - [2026-07-02T10:31:55.348+0000] {dag.py:3954} INFO - Setting next_dagrun for real_estate_pipeline to 2026-07-01 00:00:00+00:00, run_after=2026-07-02 00:00:00+00:00
[2026-07-02T10:31:55.392+0000] {processor.py:183} INFO - Processing /opt/airflow/dags/real_estate_pipeline_dag.py took 0.318 seconds
[2026-07-02T10:32:25.756+0000] {processor.py:161} INFO - Started process (PID=258) to work on /opt/airflow/dags/real_estate_pipeline_dag.py
[2026-07-02T10:32:25.759+0000] {processor.py:830} INFO - Processing file /opt/airflow/dags/real_estate_pipeline_dag.py for tasks to queue
[2026-07-02T10:32:25.763+0000] {logging_mixin.py:188} INFO - [2026-07-02T10:32:25.763+0000] {dagbag.py:545} INFO - Filling up the DagBag from /opt/airflow/dags/real_estate_pipeline_dag.py
[2026-07-02T10:32:25.827+0000] {processor.py:840} INFO - DAG(s) 'real_estate_pipeline' retrieved from /opt/airflow/dags/real_estate_pipeline_dag.py
[2026-07-02T10:32:25.940+0000] {logging_mixin.py:188} INFO - [2026-07-02T10:32:25.940+0000] {dag.py:3096} INFO - Sync 1 DAGs
[2026-07-02T10:32:25.992+0000] {logging_mixin.py:188} INFO - [2026-07-02T10:32:25.991+0000] {dag.py:3954} INFO - Setting next_dagrun for real_estate_pipeline to 2026-07-01 00:00:00+00:00, run_after=2026-07-02 00:00:00+00:00
[2026-07-02T10:32:26.034+0000] {processor.py:183} INFO - Processing /opt/airflow/dags/real_estate_pipeline_dag.py took 0.291 seconds
[2026-07-02T10:32:56.484+0000] {processor.py:161} INFO - Started process (PID=263) to work on /opt/airflow/dags/real_estate_pipeline_dag.py
[2026-07-02T10:32:56.504+0000] {processor.py:830} INFO - Processing file /opt/airflow/dags/real_estate_pipeline_dag.py for tasks to queue
[2026-07-02T10:32:56.517+0000] {logging_mixin.py:188} INFO - [2026-07-02T10:32:56.514+0000] {dagbag.py:545} INFO - Filling up the DagBag from /opt/airflow/dags/real_estate_pipeline_dag.py
[2026-07-02T10:32:56.641+0000] {processor.py:840} INFO - DAG(s) 'real_estate_pipeline' retrieved from /opt/airflow/dags/real_estate_pipeline_dag.py
[2026-07-02T10:32:56.931+0000] {logging_mixin.py:188} INFO - [2026-07-02T10:32:56.930+0000] {dag.py:3096} INFO - Sync 1 DAGs
[2026-07-02T10:32:57.051+0000] {logging_mixin.py:188} INFO - [2026-07-02T10:32:57.051+0000] {dag.py:3954} INFO - Setting next_dagrun for real_estate_pipeline to 2026-07-01 00:00:00+00:00, run_after=2026-07-02 00:00:00+00:00
[2026-07-02T10:32:57.122+0000] {processor.py:183} INFO - Processing /opt/airflow/dags/real_estate_pipeline_dag.py took 0.674 seconds
[2026-07-02T10:33:27.543+0000] {processor.py:161} INFO - Started process (PID=268) to work on /opt/airflow/dags/real_estate_pipeline_dag.py
[2026-07-02T10:33:27.546+0000] {processor.py:830} INFO - Processing file /opt/airflow/dags/real_estate_pipeline_dag.py for tasks to queue
[2026-07-02T10:33:27.554+0000] {logging_mixin.py:188} INFO - [2026-07-02T10:33:27.553+0000] {dagbag.py:545} INFO - Filling up the DagBag from /opt/airflow/dags/real_estate_pipeline_dag.py
[2026-07-02T10:33:27.621+0000] {processor.py:840} INFO - DAG(s) 'real_estate_pipeline' retrieved from /opt/airflow/dags/real_estate_pipeline_dag.py
[2026-07-02T10:33:27.740+0000] {logging_mixin.py:188} INFO - [2026-07-02T10:33:27.740+0000] {dag.py:3096} INFO - Sync 1 DAGs
[2026-07-02T10:33:27.791+0000] {logging_mixin.py:188} INFO - [2026-07-02T10:33:27.790+0000] {dag.py:3954} INFO - Setting next_dagrun for real_estate_pipeline to 2026-07-01 00:00:00+00:00, run_after=2026-07-02 00:00:00+00:00
[2026-07-02T10:33:27.834+0000] {processor.py:183} INFO - Processing /opt/airflow/dags/real_estate_pipeline_dag.py took 0.305 seconds
[2026-07-02T10:33:58.178+0000] {processor.py:161} INFO - Started process (PID=273) to work on /opt/airflow/dags/real_estate_pipeline_dag.py
[2026-07-02T10:33:58.180+0000] {processor.py:830} INFO - Processing file /opt/airflow/dags/real_estate_pipeline_dag.py for tasks to queue
[2026-07-02T10:33:58.186+0000] {logging_mixin.py:188} INFO - [2026-07-02T10:33:58.185+0000] {dagbag.py:545} INFO - Filling up the DagBag from /opt/airflow/dags/real_estate_pipeline_dag.py
[2026-07-02T10:33:58.258+0000] {processor.py:840} INFO - DAG(s) 'real_estate_pipeline' retrieved from /opt/airflow/dags/real_estate_pipeline_dag.py
[2026-07-02T10:33:58.389+0000] {logging_mixin.py:188} INFO - [2026-07-02T10:33:58.388+0000] {dag.py:3096} INFO - Sync 1 DAGs
[2026-07-02T10:33:58.440+0000] {logging_mixin.py:188} INFO - [2026-07-02T10:33:58.440+0000] {dag.py:3954} INFO - Setting next_dagrun for real_estate_pipeline to 2026-07-01 00:00:00+00:00, run_after=2026-07-02 00:00:00+00:00
[2026-07-02T10:33:58.484+0000] {processor.py:183} INFO - Processing /opt/airflow/dags/real_estate_pipeline_dag.py took 0.319 seconds
[2026-07-02T10:34:28.832+0000] {processor.py:161} INFO - Started process (PID=278) to work on /opt/airflow/dags/real_estate_pipeline_dag.py
[2026-07-02T10:34:28.835+0000] {processor.py:830} INFO - Processing file /opt/airflow/dags/real_estate_pipeline_dag.py for tasks to queue
[2026-07-02T10:34:28.841+0000] {logging_mixin.py:188} INFO - [2026-07-02T10:34:28.840+0000] {dagbag.py:545} INFO - Filling up the DagBag from /opt/airflow/dags/real_estate_pipeline_dag.py
[2026-07-02T10:34:28.910+0000] {processor.py:840} INFO - DAG(s) 'real_estate_pipeline' retrieved from /opt/airflow/dags/real_estate_pipeline_dag.py
[2026-07-02T10:34:29.030+0000] {logging_mixin.py:188} INFO - [2026-07-02T10:34:29.030+0000] {dag.py:3096} INFO - Sync 1 DAGs
[2026-07-02T10:34:29.080+0000] {logging_mixin.py:188} INFO - [2026-07-02T10:34:29.080+0000] {dag.py:3954} INFO - Setting next_dagrun for real_estate_pipeline to 2026-07-01 00:00:00+00:00, run_after=2026-07-02 00:00:00+00:00
[2026-07-02T10:34:29.140+0000] {processor.py:183} INFO - Processing /opt/airflow/dags/real_estate_pipeline_dag.py took 0.323 seconds
[2026-07-02T10:34:59.477+0000] {processor.py:161} INFO - Started process (PID=283) to work on /opt/airflow/dags/real_estate_pipeline_dag.py
[2026-07-02T10:34:59.479+0000] {processor.py:830} INFO - Processing file /opt/airflow/dags/real_estate_pipeline_dag.py for tasks to queue
[2026-07-02T10:34:59.484+0000] {logging_mixin.py:188} INFO - [2026-07-02T10:34:59.483+0000] {dagbag.py:545} INFO - Filling up the DagBag from /opt/airflow/dags/real_estate_pipeline_dag.py
[2026-07-02T10:34:59.546+0000] {processor.py:840} INFO - DAG(s) 'real_estate_pipeline' retrieved from /opt/airflow/dags/real_estate_pipeline_dag.py
[2026-07-02T10:34:59.668+0000] {logging_mixin.py:188} INFO - [2026-07-02T10:34:59.668+0000] {dag.py:3096} INFO - Sync 1 DAGs
[2026-07-02T10:34:59.713+0000] {logging_mixin.py:188} INFO - [2026-07-02T10:34:59.713+0000] {dag.py:3954} INFO - Setting next_dagrun for real_estate_pipeline to 2026-07-01 00:00:00+00:00, run_after=2026-07-02 00:00:00+00:00
[2026-07-02T10:34:59.761+0000] {processor.py:183} INFO - Processing /opt/airflow/dags/real_estate_pipeline_dag.py took 0.297 seconds
[2026-07-02T10:35:30.113+0000] {processor.py:161} INFO - Started process (PID=288) to work on /opt/airflow/dags/real_estate_pipeline_dag.py
[2026-07-02T10:35:30.116+0000] {processor.py:830} INFO - Processing file /opt/airflow/dags/real_estate_pipeline_dag.py for tasks to queue
[2026-07-02T10:35:30.122+0000] {logging_mixin.py:188} INFO - [2026-07-02T10:35:30.121+0000] {dagbag.py:545} INFO - Filling up the DagBag from /opt/airflow/dags/real_estate_pipeline_dag.py
[2026-07-02T10:35:30.184+0000] {processor.py:840} INFO - DAG(s) 'real_estate_pipeline' retrieved from /opt/airflow/dags/real_estate_pipeline_dag.py
[2026-07-02T10:35:30.299+0000] {logging_mixin.py:188} INFO - [2026-07-02T10:35:30.299+0000] {dag.py:3096} INFO - Sync 1 DAGs
[2026-07-02T10:35:30.342+0000] {logging_mixin.py:188} INFO - [2026-07-02T10:35:30.342+0000] {dag.py:3954} INFO - Setting next_dagrun for real_estate_pipeline to 2026-07-01 00:00:00+00:00, run_after=2026-07-02 00:00:00+00:00
[2026-07-02T10:35:30.388+0000] {processor.py:183} INFO - Processing /opt/airflow/dags/real_estate_pipeline_dag.py took 0.288 seconds
[2026-07-02T10:36:00.718+0000] {processor.py:161} INFO - Started process (PID=293) to work on /opt/airflow/dags/real_estate_pipeline_dag.py
[2026-07-02T10:36:00.721+0000] {processor.py:830} INFO - Processing file /opt/airflow/dags/real_estate_pipeline_dag.py for tasks to queue
[2026-07-02T10:36:00.727+0000] {logging_mixin.py:188} INFO - [2026-07-02T10:36:00.726+0000] {dagbag.py:545} INFO - Filling up the DagBag from /opt/airflow/dags/real_estate_pipeline_dag.py
[2026-07-02T10:36:00.787+0000] {processor.py:840} INFO - DAG(s) 'real_estate_pipeline' retrieved from /opt/airflow/dags/real_estate_pipeline_dag.py
[2026-07-02T10:36:00.901+0000] {logging_mixin.py:188} INFO - [2026-07-02T10:36:00.900+0000] {dag.py:3096} INFO - Sync 1 DAGs
[2026-07-02T10:36:00.945+0000] {logging_mixin.py:188} INFO - [2026-07-02T10:36:00.944+0000] {dag.py:3954} INFO - Setting next_dagrun for real_estate_pipeline to 2026-07-01 00:00:00+00:00, run_after=2026-07-02 00:00:00+00:00
[2026-07-02T10:36:00.982+0000] {processor.py:183} INFO - Processing /opt/airflow/dags/real_estate_pipeline_dag.py took 0.279 seconds
[2026-07-02T10:36:31.343+0000] {processor.py:161} INFO - Started process (PID=298) to work on /opt/airflow/dags/real_estate_pipeline_dag.py
[2026-07-02T10:36:31.346+0000] {processor.py:830} INFO - Processing file /opt/airflow/dags/real_estate_pipeline_dag.py for tasks to queue
[2026-07-02T10:36:31.352+0000] {logging_mixin.py:188} INFO - [2026-07-02T10:36:31.351+0000] {dagbag.py:545} INFO - Filling up the DagBag from /opt/airflow/dags/real_estate_pipeline_dag.py
[2026-07-02T10:36:31.414+0000] {processor.py:840} INFO - DAG(s) 'real_estate_pipeline' retrieved from /opt/airflow/dags/real_estate_pipeline_dag.py
[2026-07-02T10:36:31.542+0000] {logging_mixin.py:188} INFO - [2026-07-02T10:36:31.542+0000] {dag.py:3096} INFO - Sync 1 DAGs
[2026-07-02T10:36:31.591+0000] {logging_mixin.py:188} INFO - [2026-07-02T10:36:31.590+0000] {dag.py:3954} INFO - Setting next_dagrun for real_estate_pipeline to 2026-07-01 00:00:00+00:00, run_after=2026-07-02 00:00:00+00:00
[2026-07-02T10:36:31.632+0000] {processor.py:183} INFO - Processing /opt/airflow/dags/real_estate_pipeline_dag.py took 0.301 seconds
[2026-07-02T10:37:01.958+0000] {processor.py:161} INFO - Started process (PID=303) to work on /opt/airflow/dags/real_estate_pipeline_dag.py
[2026-07-02T10:37:01.961+0000] {processor.py:830} INFO - Processing file /opt/airflow/dags/real_estate_pipeline_dag.py for tasks to queue
[2026-07-02T10:37:01.967+0000] {logging_mixin.py:188} INFO - [2026-07-02T10:37:01.966+0000] {dagbag.py:545} INFO - Filling up the DagBag from /opt/airflow/dags/real_estate_pipeline_dag.py
[2026-07-02T10:37:02.027+0000] {processor.py:840} INFO - DAG(s) 'real_estate_pipeline' retrieved from /opt/airflow/dags/real_estate_pipeline_dag.py
[2026-07-02T10:37:02.145+0000] {logging_mixin.py:188} INFO - [2026-07-02T10:37:02.145+0000] {dag.py:3096} INFO - Sync 1 DAGs
[2026-07-02T10:37:02.222+0000] {logging_mixin.py:188} INFO - [2026-07-02T10:37:02.222+0000] {dag.py:3954} INFO - Setting next_dagrun for real_estate_pipeline to 2026-07-01 00:00:00+00:00, run_after=2026-07-02 00:00:00+00:00
[2026-07-02T10:37:02.273+0000] {processor.py:183} INFO - Processing /opt/airflow/dags/real_estate_pipeline_dag.py took 0.329 seconds
[2026-07-02T10:37:32.612+0000] {processor.py:161} INFO - Started process (PID=308) to work on /opt/airflow/dags/real_estate_pipeline_dag.py
[2026-07-02T10:37:32.615+0000] {processor.py:830} INFO - Processing file /opt/airflow/dags/real_estate_pipeline_dag.py for tasks to queue
[2026-07-02T10:37:32.620+0000] {logging_mixin.py:188} INFO - [2026-07-02T10:37:32.619+0000] {dagbag.py:545} INFO - Filling up the DagBag from /opt/airflow/dags/real_estate_pipeline_dag.py
[2026-07-02T10:37:32.680+0000] {processor.py:840} INFO - DAG(s) 'real_estate_pipeline' retrieved from /opt/airflow/dags/real_estate_pipeline_dag.py
[2026-07-02T10:37:32.792+0000] {logging_mixin.py:188} INFO - [2026-07-02T10:37:32.792+0000] {dag.py:3096} INFO - Sync 1 DAGs
[2026-07-02T10:37:32.844+0000] {logging_mixin.py:188} INFO - [2026-07-02T10:37:32.843+0000] {dag.py:3954} INFO - Setting next_dagrun for real_estate_pipeline to 2026-07-01 00:00:00+00:00, run_after=2026-07-02 00:00:00+00:00
[2026-07-02T10:37:32.894+0000] {processor.py:183} INFO - Processing /opt/airflow/dags/real_estate_pipeline_dag.py took 0.299 seconds
[2026-07-02T10:38:03.317+0000] {processor.py:161} INFO - Started process (PID=313) to work on /opt/airflow/dags/real_estate_pipeline_dag.py
[2026-07-02T10:38:03.320+0000] {processor.py:830} INFO - Processing file /opt/airflow/dags/real_estate_pipeline_dag.py for tasks to queue
[2026-07-02T10:38:03.326+0000] {logging_mixin.py:188} INFO - [2026-07-02T10:38:03.324+0000] {dagbag.py:545} INFO - Filling up the DagBag from /opt/airflow/dags/real_estate_pipeline_dag.py
[2026-07-02T10:38:03.387+0000] {processor.py:840} INFO - DAG(s) 'real_estate_pipeline' retrieved from /opt/airflow/dags/real_estate_pipeline_dag.py
[2026-07-02T10:38:03.502+0000] {logging_mixin.py:188} INFO - [2026-07-02T10:38:03.501+0000] {dag.py:3096} INFO - Sync 1 DAGs
[2026-07-02T10:38:03.553+0000] {logging_mixin.py:188} INFO - [2026-07-02T10:38:03.552+0000] {dag.py:3954} INFO - Setting next_dagrun for real_estate_pipeline to 2026-07-01 00:00:00+00:00, run_after=2026-07-02 00:00:00+00:00
[2026-07-02T10:38:03.598+0000] {processor.py:183} INFO - Processing /opt/airflow/dags/real_estate_pipeline_dag.py took 0.295 seconds
[2026-07-02T10:38:33.940+0000] {processor.py:161} INFO - Started process (PID=318) to work on /opt/airflow/dags/real_estate_pipeline_dag.py
[2026-07-02T10:38:33.944+0000] {processor.py:830} INFO - Processing file /opt/airflow/dags/real_estate_pipeline_dag.py for tasks to queue
[2026-07-02T10:38:33.949+0000] {logging_mixin.py:188} INFO - [2026-07-02T10:38:33.948+0000] {dagbag.py:545} INFO - Filling up the DagBag from /opt/airflow/dags/real_estate_pipeline_dag.py
[2026-07-02T10:38:34.013+0000] {processor.py:840} INFO - DAG(s) 'real_estate_pipeline' retrieved from /opt/airflow/dags/real_estate_pipeline_dag.py
[2026-07-02T10:38:34.134+0000] {logging_mixin.py:188} INFO - [2026-07-02T10:38:34.134+0000] {dag.py:3096} INFO - Sync 1 DAGs
[2026-07-02T10:38:34.185+0000] {logging_mixin.py:188} INFO - [2026-07-02T10:38:34.184+0000] {dag.py:3954} INFO - Setting next_dagrun for real_estate_pipeline to 2026-07-01 00:00:00+00:00, run_after=2026-07-02 00:00:00+00:00
[2026-07-02T10:38:34.228+0000] {processor.py:183} INFO - Processing /opt/airflow/dags/real_estate_pipeline_dag.py took 0.302 seconds
[2026-07-02T10:39:04.573+0000] {processor.py:161} INFO - Started process (PID=323) to work on /opt/airflow/dags/real_estate_pipeline_dag.py
[2026-07-02T10:39:04.577+0000] {processor.py:830} INFO - Processing file /opt/airflow/dags/real_estate_pipeline_dag.py for tasks to queue
[2026-07-02T10:39:04.582+0000] {logging_mixin.py:188} INFO - [2026-07-02T10:39:04.581+0000] {dagbag.py:545} INFO - Filling up the DagBag from /opt/airflow/dags/real_estate_pipeline_dag.py
[2026-07-02T10:39:04.644+0000] {processor.py:840} INFO - DAG(s) 'real_estate_pipeline' retrieved from /opt/airflow/dags/real_estate_pipeline_dag.py
[2026-07-02T10:39:04.753+0000] {logging_mixin.py:188} INFO - [2026-07-02T10:39:04.752+0000] {dag.py:3096} INFO - Sync 1 DAGs
[2026-07-02T10:39:04.800+0000] {logging_mixin.py:188} INFO - [2026-07-02T10:39:04.800+0000] {dag.py:3954} INFO - Setting next_dagrun for real_estate_pipeline to 2026-07-01 00:00:00+00:00, run_after=2026-07-02 00:00:00+00:00
[2026-07-02T10:39:04.840+0000] {processor.py:183} INFO - Processing /opt/airflow/dags/real_estate_pipeline_dag.py took 0.282 seconds
[2026-07-02T10:39:35.182+0000] {processor.py:161} INFO - Started process (PID=328) to work on /opt/airflow/dags/real_estate_pipeline_dag.py
[2026-07-02T10:39:35.185+0000] {processor.py:830} INFO - Processing file /opt/airflow/dags/real_estate_pipeline_dag.py for tasks to queue
[2026-07-02T10:39:35.189+0000] {logging_mixin.py:188} INFO - [2026-07-02T10:39:35.188+0000] {dagbag.py:545} INFO - Filling up the DagBag from /opt/airflow/dags/real_estate_pipeline_dag.py
[2026-07-02T10:39:35.253+0000] {processor.py:840} INFO - DAG(s) 'real_estate_pipeline' retrieved from /opt/airflow/dags/real_estate_pipeline_dag.py
[2026-07-02T10:39:35.389+0000] {logging_mixin.py:188} INFO - [2026-07-02T10:39:35.389+0000] {dag.py:3096} INFO - Sync 1 DAGs
[2026-07-02T10:39:35.435+0000] {logging_mixin.py:188} INFO - [2026-07-02T10:39:35.435+0000] {dag.py:3954} INFO - Setting next_dagrun for real_estate_pipeline to 2026-07-01 00:00:00+00:00, run_after=2026-07-02 00:00:00+00:00
[2026-07-02T10:39:35.478+0000] {processor.py:183} INFO - Processing /opt/airflow/dags/real_estate_pipeline_dag.py took 0.307 seconds
[2026-07-02T10:40:05.825+0000] {processor.py:161} INFO - Started process (PID=333) to work on /opt/airflow/dags/real_estate_pipeline_dag.py
[2026-07-02T10:40:05.828+0000] {processor.py:830} INFO - Processing file /opt/airflow/dags/real_estate_pipeline_dag.py for tasks to queue
[2026-07-02T10:40:05.835+0000] {logging_mixin.py:188} INFO - [2026-07-02T10:40:05.833+0000] {dagbag.py:545} INFO - Filling up the DagBag from /opt/airflow/dags/real_estate_pipeline_dag.py
[2026-07-02T10:40:05.897+0000] {processor.py:840} INFO - DAG(s) 'real_estate_pipeline' retrieved from /opt/airflow/dags/real_estate_pipeline_dag.py
[2026-07-02T10:40:06.461+0000] {logging_mixin.py:188} INFO - [2026-07-02T10:40:06.461+0000] {dag.py:3096} INFO - Sync 1 DAGs
[2026-07-02T10:40:06.795+0000] {logging_mixin.py:188} INFO - [2026-07-02T10:40:06.795+0000] {dag.py:3954} INFO - Setting next_dagrun for real_estate_pipeline to 2026-07-01 00:00:00+00:00, run_after=2026-07-02 00:00:00+00:00
[2026-07-02T10:40:06.999+0000] {processor.py:183} INFO - Processing /opt/airflow/dags/real_estate_pipeline_dag.py took 1.193 seconds
[2026-07-02T10:40:37.372+0000] {processor.py:161} INFO - Started process (PID=338) to work on /opt/airflow/dags/real_estate_pipeline_dag.py
[2026-07-02T10:40:37.376+0000] {processor.py:830} INFO - Processing file /opt/airflow/dags/real_estate_pipeline_dag.py for tasks to queue
[2026-07-02T10:40:37.405+0000] {logging_mixin.py:188} INFO - [2026-07-02T10:40:37.394+0000] {dagbag.py:545} INFO - Filling up the DagBag from /opt/airflow/dags/real_estate_pipeline_dag.py
[2026-07-02T10:40:37.522+0000] {processor.py:840} INFO - DAG(s) 'real_estate_pipeline' retrieved from /opt/airflow/dags/real_estate_pipeline_dag.py
[2026-07-02T10:40:37.639+0000] {logging_mixin.py:188} INFO - [2026-07-02T10:40:37.639+0000] {dag.py:3096} INFO - Sync 1 DAGs
[2026-07-02T10:40:37.690+0000] {logging_mixin.py:188} INFO - [2026-07-02T10:40:37.690+0000] {dag.py:3954} INFO - Setting next_dagrun for real_estate_pipeline to 2026-07-01 00:00:00+00:00, run_after=2026-07-02 00:00:00+00:00
[2026-07-02T10:40:37.737+0000] {processor.py:183} INFO - Processing /opt/airflow/dags/real_estate_pipeline_dag.py took 0.389 seconds
[2026-07-02T10:41:08.078+0000] {processor.py:161} INFO - Started process (PID=343) to work on /opt/airflow/dags/real_estate_pipeline_dag.py
[2026-07-02T10:41:08.080+0000] {processor.py:830} INFO - Processing file /opt/airflow/dags/real_estate_pipeline_dag.py for tasks to queue
[2026-07-02T10:41:08.085+0000] {logging_mixin.py:188} INFO - [2026-07-02T10:41:08.084+0000] {dagbag.py:545} INFO - Filling up the DagBag from /opt/airflow/dags/real_estate_pipeline_dag.py
[2026-07-02T10:41:08.137+0000] {processor.py:840} INFO - DAG(s) 'real_estate_pipeline' retrieved from /opt/airflow/dags/real_estate_pipeline_dag.py
[2026-07-02T10:41:08.247+0000] {logging_mixin.py:188} INFO - [2026-07-02T10:41:08.246+0000] {dag.py:3096} INFO - Sync 1 DAGs
[2026-07-02T10:41:08.294+0000] {logging_mixin.py:188} INFO - [2026-07-02T10:41:08.294+0000] {dag.py:3954} INFO - Setting next_dagrun for real_estate_pipeline to 2026-07-01 00:00:00+00:00, run_after=2026-07-02 00:00:00+00:00
[2026-07-02T10:41:08.337+0000] {processor.py:183} INFO - Processing /opt/airflow/dags/real_estate_pipeline_dag.py took 0.272 seconds
[2026-07-02T10:41:38.676+0000] {processor.py:161} INFO - Started process (PID=348) to work on /opt/airflow/dags/real_estate_pipeline_dag.py
[2026-07-02T10:41:38.679+0000] {processor.py:830} INFO - Processing file /opt/airflow/dags/real_estate_pipeline_dag.py for tasks to queue
[2026-07-02T10:41:38.684+0000] {logging_mixin.py:188} INFO - [2026-07-02T10:41:38.683+0000] {dagbag.py:545} INFO - Filling up the DagBag from /opt/airflow/dags/real_estate_pipeline_dag.py
[2026-07-02T10:41:38.746+0000] {processor.py:840} INFO - DAG(s) 'real_estate_pipeline' retrieved from /opt/airflow/dags/real_estate_pipeline_dag.py
[2026-07-02T10:41:38.864+0000] {logging_mixin.py:188} INFO - [2026-07-02T10:41:38.864+0000] {dag.py:3096} INFO - Sync 1 DAGs
[2026-07-02T10:41:38.913+0000] {logging_mixin.py:188} INFO - [2026-07-02T10:41:38.913+0000] {dag.py:3954} INFO - Setting next_dagrun for real_estate_pipeline to 2026-07-01 00:00:00+00:00, run_after=2026-07-02 00:00:00+00:00
[2026-07-02T10:41:38.962+0000] {processor.py:183} INFO - Processing /opt/airflow/dags/real_estate_pipeline_dag.py took 0.298 seconds
[2026-07-02T10:42:09.295+0000] {processor.py:161} INFO - Started process (PID=353) to work on /opt/airflow/dags/real_estate_pipeline_dag.py
[2026-07-02T10:42:09.297+0000] {processor.py:830} INFO - Processing file /opt/airflow/dags/real_estate_pipeline_dag.py for tasks to queue
[2026-07-02T10:42:09.303+0000] {logging_mixin.py:188} INFO - [2026-07-02T10:42:09.302+0000] {dagbag.py:545} INFO - Filling up the DagBag from /opt/airflow/dags/real_estate_pipeline_dag.py
[2026-07-02T10:42:09.363+0000] {processor.py:840} INFO - DAG(s) 'real_estate_pipeline' retrieved from /opt/airflow/dags/real_estate_pipeline_dag.py
[2026-07-02T10:42:09.470+0000] {logging_mixin.py:188} INFO - [2026-07-02T10:42:09.470+0000] {dag.py:3096} INFO - Sync 1 DAGs
[2026-07-02T10:42:09.518+0000] {logging_mixin.py:188} INFO - [2026-07-02T10:42:09.517+0000] {dag.py:3954} INFO - Setting next_dagrun for real_estate_pipeline to 2026-07-01 00:00:00+00:00, run_after=2026-07-02 00:00:00+00:00
[2026-07-02T10:42:09.557+0000] {processor.py:183} INFO - Processing /opt/airflow/dags/real_estate_pipeline_dag.py took 0.275 seconds
[2026-07-02T10:42:39.889+0000] {processor.py:161} INFO - Started process (PID=358) to work on /opt/airflow/dags/real_estate_pipeline_dag.py
[2026-07-02T10:42:39.892+0000] {processor.py:830} INFO - Processing file /opt/airflow/dags/real_estate_pipeline_dag.py for tasks to queue
[2026-07-02T10:42:39.898+0000] {logging_mixin.py:188} INFO - [2026-07-02T10:42:39.897+0000] {dagbag.py:545} INFO - Filling up the DagBag from /opt/airflow/dags/real_estate_pipeline_dag.py
[2026-07-02T10:42:39.953+0000] {processor.py:840} INFO - DAG(s) 'real_estate_pipeline' retrieved from /opt/airflow/dags/real_estate_pipeline_dag.py
[2026-07-02T10:42:40.061+0000] {logging_mixin.py:188} INFO - [2026-07-02T10:42:40.061+0000] {dag.py:3096} INFO - Sync 1 DAGs
[2026-07-02T10:42:40.179+0000] {logging_mixin.py:188} INFO - [2026-07-02T10:42:40.178+0000] {dag.py:3954} INFO - Setting next_dagrun for real_estate_pipeline to 2026-07-01 00:00:00+00:00, run_after=2026-07-02 00:00:00+00:00
[2026-07-02T10:42:40.430+0000] {processor.py:183} INFO - Processing /opt/airflow/dags/real_estate_pipeline_dag.py took 0.556 seconds
[2026-07-02T10:43:10.899+0000] {processor.py:161} INFO - Started process (PID=363) to work on /opt/airflow/dags/real_estate_pipeline_dag.py
[2026-07-02T10:43:10.923+0000] {processor.py:830} INFO - Processing file /opt/airflow/dags/real_estate_pipeline_dag.py for tasks to queue
[2026-07-02T10:43:10.927+0000] {logging_mixin.py:188} INFO - [2026-07-02T10:43:10.926+0000] {dagbag.py:545} INFO - Filling up the DagBag from /opt/airflow/dags/real_estate_pipeline_dag.py
[2026-07-02T10:43:11.036+0000] {processor.py:840} INFO - DAG(s) 'real_estate_pipeline' retrieved from /opt/airflow/dags/real_estate_pipeline_dag.py
[2026-07-02T10:43:11.169+0000] {logging_mixin.py:188} INFO - [2026-07-02T10:43:11.168+0000] {dag.py:3096} INFO - Sync 1 DAGs
[2026-07-02T10:43:11.218+0000] {logging_mixin.py:188} INFO - [2026-07-02T10:43:11.218+0000] {dag.py:3954} INFO - Setting next_dagrun for real_estate_pipeline to 2026-07-01 00:00:00+00:00, run_after=2026-07-02 00:00:00+00:00
[2026-07-02T10:43:11.264+0000] {processor.py:183} INFO - Processing /opt/airflow/dags/real_estate_pipeline_dag.py took 0.408 seconds
[2026-07-02T10:43:41.383+0000] {processor.py:161} INFO - Started process (PID=368) to work on /opt/airflow/dags/real_estate_pipeline_dag.py
[2026-07-02T10:43:41.386+0000] {processor.py:830} INFO - Processing file /opt/airflow/dags/real_estate_pipeline_dag.py for tasks to queue
[2026-07-02T10:43:41.391+0000] {logging_mixin.py:188} INFO - [2026-07-02T10:43:41.390+0000] {dagbag.py:545} INFO - Filling up the DagBag from /opt/airflow/dags/real_estate_pipeline_dag.py
[2026-07-02T10:43:41.440+0000] {processor.py:840} INFO - DAG(s) 'real_estate_pipeline' retrieved from /opt/airflow/dags/real_estate_pipeline_dag.py
[2026-07-02T10:43:41.560+0000] {logging_mixin.py:188} INFO - [2026-07-02T10:43:41.559+0000] {dag.py:3096} INFO - Sync 1 DAGs
[2026-07-02T10:43:41.608+0000] {logging_mixin.py:188} INFO - [2026-07-02T10:43:41.607+0000] {dag.py:3954} INFO - Setting next_dagrun for real_estate_pipeline to 2026-07-01 00:00:00+00:00, run_after=2026-07-02 00:00:00+00:00
[2026-07-02T10:43:41.654+0000] {processor.py:183} INFO - Processing /opt/airflow/dags/real_estate_pipeline_dag.py took 0.283 seconds
[2026-07-02T10:44:11.825+0000] {processor.py:161} INFO - Started process (PID=373) to work on /opt/airflow/dags/real_estate_pipeline_dag.py
[2026-07-02T10:44:11.827+0000] {processor.py:830} INFO - Processing file /opt/airflow/dags/real_estate_pipeline_dag.py for tasks to queue
[2026-07-02T10:44:11.831+0000] {logging_mixin.py:188} INFO - [2026-07-02T10:44:11.830+0000] {dagbag.py:545} INFO - Filling up the DagBag from /opt/airflow/dags/real_estate_pipeline_dag.py
[2026-07-02T10:44:11.883+0000] {processor.py:840} INFO - DAG(s) 'real_estate_pipeline' retrieved from /opt/airflow/dags/real_estate_pipeline_dag.py
[2026-07-02T10:44:11.997+0000] {logging_mixin.py:188} INFO - [2026-07-02T10:44:11.996+0000] {dag.py:3096} INFO - Sync 1 DAGs
[2026-07-02T10:44:12.045+0000] {logging_mixin.py:188} INFO - [2026-07-02T10:44:12.044+0000] {dag.py:3954} INFO - Setting next_dagrun for real_estate_pipeline to 2026-07-01 00:00:00+00:00, run_after=2026-07-02 00:00:00+00:00
[2026-07-02T10:44:12.088+0000] {processor.py:183} INFO - Processing /opt/airflow/dags/real_estate_pipeline_dag.py took 0.276 seconds
[2026-07-02T10:44:42.219+0000] {processor.py:161} INFO - Started process (PID=378) to work on /opt/airflow/dags/real_estate_pipeline_dag.py
[2026-07-02T10:44:42.223+0000] {processor.py:830} INFO - Processing file /opt/airflow/dags/real_estate_pipeline_dag.py for tasks to queue
[2026-07-02T10:44:42.229+0000] {logging_mixin.py:188} INFO - [2026-07-02T10:44:42.228+0000] {dagbag.py:545} INFO - Filling up the DagBag from /opt/airflow/dags/real_estate_pipeline_dag.py
[2026-07-02T10:44:42.287+0000] {processor.py:840} INFO - DAG(s) 'real_estate_pipeline' retrieved from /opt/airflow/dags/real_estate_pipeline_dag.py
[2026-07-02T10:44:42.396+0000] {logging_mixin.py:188} INFO - [2026-07-02T10:44:42.396+0000] {dag.py:3096} INFO - Sync 1 DAGs
[2026-07-02T10:44:42.443+0000] {logging_mixin.py:188} INFO - [2026-07-02T10:44:42.442+0000] {dag.py:3954} INFO - Setting next_dagrun for real_estate_pipeline to 2026-07-01 00:00:00+00:00, run_after=2026-07-02 00:00:00+00:00
[2026-07-02T10:44:42.483+0000] {processor.py:183} INFO - Processing /opt/airflow/dags/real_estate_pipeline_dag.py took 0.278 seconds
[2026-07-02T10:45:12.661+0000] {processor.py:161} INFO - Started process (PID=383) to work on /opt/airflow/dags/real_estate_pipeline_dag.py
[2026-07-02T10:45:12.664+0000] {processor.py:830} INFO - Processing file /opt/airflow/dags/real_estate_pipeline_dag.py for tasks to queue
[2026-07-02T10:45:12.668+0000] {logging_mixin.py:188} INFO - [2026-07-02T10:45:12.667+0000] {dagbag.py:545} INFO - Filling up the DagBag from /opt/airflow/dags/real_estate_pipeline_dag.py
[2026-07-02T10:45:12.723+0000] {processor.py:840} INFO - DAG(s) 'real_estate_pipeline' retrieved from /opt/airflow/dags/real_estate_pipeline_dag.py
[2026-07-02T10:45:12.832+0000] {logging_mixin.py:188} INFO - [2026-07-02T10:45:12.831+0000] {dag.py:3096} INFO - Sync 1 DAGs
[2026-07-02T10:45:12.879+0000] {logging_mixin.py:188} INFO - [2026-07-02T10:45:12.878+0000] {dag.py:3954} INFO - Setting next_dagrun for real_estate_pipeline to 2026-07-01 00:00:00+00:00, run_after=2026-07-02 00:00:00+00:00
[2026-07-02T10:45:12.925+0000] {processor.py:183} INFO - Processing /opt/airflow/dags/real_estate_pipeline_dag.py took 0.276 seconds
[2026-07-02T10:45:43.059+0000] {processor.py:161} INFO - Started process (PID=388) to work on /opt/airflow/dags/real_estate_pipeline_dag.py
[2026-07-02T10:45:43.061+0000] {processor.py:830} INFO - Processing file /opt/airflow/dags/real_estate_pipeline_dag.py for tasks to queue
[2026-07-02T10:45:43.065+0000] {logging_mixin.py:188} INFO - [2026-07-02T10:45:43.065+0000] {dagbag.py:545} INFO - Filling up the DagBag from /opt/airflow/dags/real_estate_pipeline_dag.py
[2026-07-02T10:45:43.110+0000] {processor.py:840} INFO - DAG(s) 'real_estate_pipeline' retrieved from /opt/airflow/dags/real_estate_pipeline_dag.py
[2026-07-02T10:45:43.218+0000] {logging_mixin.py:188} INFO - [2026-07-02T10:45:43.217+0000] {dag.py:3096} INFO - Sync 1 DAGs
[2026-07-02T10:45:43.262+0000] {logging_mixin.py:188} INFO - [2026-07-02T10:45:43.261+0000] {dag.py:3954} INFO - Setting next_dagrun for real_estate_pipeline to 2026-07-01 00:00:00+00:00, run_after=2026-07-02 00:00:00+00:00
[2026-07-02T10:45:43.300+0000] {processor.py:183} INFO - Processing /opt/airflow/dags/real_estate_pipeline_dag.py took 0.252 seconds
[2026-07-02T10:46:13.486+0000] {processor.py:161} INFO - Started process (PID=393) to work on /opt/airflow/dags/real_estate_pipeline_dag.py
[2026-07-02T10:46:13.488+0000] {processor.py:830} INFO - Processing file /opt/airflow/dags/real_estate_pipeline_dag.py for tasks to queue
[2026-07-02T10:46:13.493+0000] {logging_mixin.py:188} INFO - [2026-07-02T10:46:13.492+0000] {dagbag.py:545} INFO - Filling up the DagBag from /opt/airflow/dags/real_estate_pipeline_dag.py
[2026-07-02T10:46:13.545+0000] {processor.py:840} INFO - DAG(s) 'real_estate_pipeline' retrieved from /opt/airflow/dags/real_estate_pipeline_dag.py
[2026-07-02T10:46:13.690+0000] {logging_mixin.py:188} INFO - [2026-07-02T10:46:13.689+0000] {dag.py:3096} INFO - Sync 1 DAGs
[2026-07-02T10:46:13.740+0000] {logging_mixin.py:188} INFO - [2026-07-02T10:46:13.740+0000] {dag.py:3954} INFO - Setting next_dagrun for real_estate_pipeline to 2026-07-01 00:00:00+00:00, run_after=2026-07-02 00:00:00+00:00
[2026-07-02T10:46:13.806+0000] {processor.py:183} INFO - Processing /opt/airflow/dags/real_estate_pipeline_dag.py took 0.331 seconds
[2026-07-02T10:46:44.138+0000] {processor.py:161} INFO - Started process (PID=398) to work on /opt/airflow/dags/real_estate_pipeline_dag.py
[2026-07-02T10:46:44.140+0000] {processor.py:830} INFO - Processing file /opt/airflow/dags/real_estate_pipeline_dag.py for tasks to queue
[2026-07-02T10:46:44.145+0000] {logging_mixin.py:188} INFO - [2026-07-02T10:46:44.144+0000] {dagbag.py:545} INFO - Filling up the DagBag from /opt/airflow/dags/real_estate_pipeline_dag.py
[2026-07-02T10:46:44.200+0000] {processor.py:840} INFO - DAG(s) 'real_estate_pipeline' retrieved from /opt/airflow/dags/real_estate_pipeline_dag.py
[2026-07-02T10:46:44.309+0000] {logging_mixin.py:188} INFO - [2026-07-02T10:46:44.308+0000] {dag.py:3096} INFO - Sync 1 DAGs
[2026-07-02T10:46:44.355+0000] {logging_mixin.py:188} INFO - [2026-07-02T10:46:44.355+0000] {dag.py:3954} INFO - Setting next_dagrun for real_estate_pipeline to 2026-07-01 00:00:00+00:00, run_after=2026-07-02 00:00:00+00:00
[2026-07-02T10:46:44.400+0000] {processor.py:183} INFO - Processing /opt/airflow/dags/real_estate_pipeline_dag.py took 0.276 seconds
[2026-07-02T10:47:14.735+0000] {processor.py:161} INFO - Started process (PID=403) to work on /opt/airflow/dags/real_estate_pipeline_dag.py
[2026-07-02T10:47:14.738+0000] {processor.py:830} INFO - Processing file /opt/airflow/dags/real_estate_pipeline_dag.py for tasks to queue
[2026-07-02T10:47:14.742+0000] {logging_mixin.py:188} INFO - [2026-07-02T10:47:14.741+0000] {dagbag.py:545} INFO - Filling up the DagBag from /opt/airflow/dags/real_estate_pipeline_dag.py
[2026-07-02T10:47:14.793+0000] {processor.py:840} INFO - DAG(s) 'real_estate_pipeline' retrieved from /opt/airflow/dags/real_estate_pipeline_dag.py
[2026-07-02T10:47:14.904+0000] {logging_mixin.py:188} INFO - [2026-07-02T10:47:14.903+0000] {dag.py:3096} INFO - Sync 1 DAGs
[2026-07-02T10:47:14.952+0000] {logging_mixin.py:188} INFO - [2026-07-02T10:47:14.952+0000] {dag.py:3954} INFO - Setting next_dagrun for real_estate_pipeline to 2026-07-01 00:00:00+00:00, run_after=2026-07-02 00:00:00+00:00
[2026-07-02T10:47:14.999+0000] {processor.py:183} INFO - Processing /opt/airflow/dags/real_estate_pipeline_dag.py took 0.277 seconds
[2026-07-02T10:47:45.324+0000] {processor.py:161} INFO - Started process (PID=408) to work on /opt/airflow/dags/real_estate_pipeline_dag.py
[2026-07-02T10:47:45.327+0000] {processor.py:830} INFO - Processing file /opt/airflow/dags/real_estate_pipeline_dag.py for tasks to queue
[2026-07-02T10:47:45.332+0000] {logging_mixin.py:188} INFO - [2026-07-02T10:47:45.332+0000] {dagbag.py:545} INFO - Filling up the DagBag from /opt/airflow/dags/real_estate_pipeline_dag.py
[2026-07-02T10:47:45.378+0000] {processor.py:840} INFO - DAG(s) 'real_estate_pipeline' retrieved from /opt/airflow/dags/real_estate_pipeline_dag.py
[2026-07-02T10:47:45.477+0000] {logging_mixin.py:188} INFO - [2026-07-02T10:47:45.476+0000] {dag.py:3096} INFO - Sync 1 DAGs
[2026-07-02T10:47:45.523+0000] {logging_mixin.py:188} INFO - [2026-07-02T10:47:45.522+0000] {dag.py:3954} INFO - Setting next_dagrun for real_estate_pipeline to 2026-07-01 00:00:00+00:00, run_after=2026-07-02 00:00:00+00:00
[2026-07-02T10:47:45.564+0000] {processor.py:183} INFO - Processing /opt/airflow/dags/real_estate_pipeline_dag.py took 0.252 seconds
[2026-07-02T10:48:15.960+0000] {processor.py:161} INFO - Started process (PID=413) to work on /opt/airflow/dags/real_estate_pipeline_dag.py
[2026-07-02T10:48:15.963+0000] {processor.py:830} INFO - Processing file /opt/airflow/dags/real_estate_pipeline_dag.py for tasks to queue
[2026-07-02T10:48:15.967+0000] {logging_mixin.py:188} INFO - [2026-07-02T10:48:15.966+0000] {dagbag.py:545} INFO - Filling up the DagBag from /opt/airflow/dags/real_estate_pipeline_dag.py
[2026-07-02T10:48:16.016+0000] {processor.py:840} INFO - DAG(s) 'real_estate_pipeline' retrieved from /opt/airflow/dags/real_estate_pipeline_dag.py
[2026-07-02T10:48:16.134+0000] {logging_mixin.py:188} INFO - [2026-07-02T10:48:16.134+0000] {dag.py:3096} INFO - Sync 1 DAGs
[2026-07-02T10:48:16.187+0000] {logging_mixin.py:188} INFO - [2026-07-02T10:48:16.187+0000] {dag.py:3954} INFO - Setting next_dagrun for real_estate_pipeline to 2026-07-01 00:00:00+00:00, run_after=2026-07-02 00:00:00+00:00
[2026-07-02T10:48:16.245+0000] {processor.py:183} INFO - Processing /opt/airflow/dags/real_estate_pipeline_dag.py took 0.298 seconds
[2026-07-02T10:48:46.594+0000] {processor.py:161} INFO - Started process (PID=418) to work on /opt/airflow/dags/real_estate_pipeline_dag.py
[2026-07-02T10:48:46.597+0000] {processor.py:830} INFO - Processing file /opt/airflow/dags/real_estate_pipeline_dag.py for tasks to queue
[2026-07-02T10:48:46.601+0000] {logging_mixin.py:188} INFO - [2026-07-02T10:48:46.600+0000] {dagbag.py:545} INFO - Filling up the DagBag from /opt/airflow/dags/real_estate_pipeline_dag.py
[2026-07-02T10:48:46.654+0000] {processor.py:840} INFO - DAG(s) 'real_estate_pipeline' retrieved from /opt/airflow/dags/real_estate_pipeline_dag.py
[2026-07-02T10:48:46.771+0000] {logging_mixin.py:188} INFO - [2026-07-02T10:48:46.770+0000] {dag.py:3096} INFO - Sync 1 DAGs
[2026-07-02T10:48:46.820+0000] {logging_mixin.py:188} INFO - [2026-07-02T10:48:46.820+0000] {dag.py:3954} INFO - Setting next_dagrun for real_estate_pipeline to 2026-07-01 00:00:00+00:00, run_after=2026-07-02 00:00:00+00:00
[2026-07-02T10:48:46.867+0000] {processor.py:183} INFO - Processing /opt/airflow/dags/real_estate_pipeline_dag.py took 0.286 seconds
[2026-07-02T10:49:17.238+0000] {processor.py:161} INFO - Started process (PID=423) to work on /opt/airflow/dags/real_estate_pipeline_dag.py
[2026-07-02T10:49:17.240+0000] {processor.py:830} INFO - Processing file /opt/airflow/dags/real_estate_pipeline_dag.py for tasks to queue
[2026-07-02T10:49:17.244+0000] {logging_mixin.py:188} INFO - [2026-07-02T10:49:17.243+0000] {dagbag.py:545} INFO - Filling up the DagBag from /opt/airflow/dags/real_estate_pipeline_dag.py
[2026-07-02T10:49:17.290+0000] {processor.py:840} INFO - DAG(s) 'real_estate_pipeline' retrieved from /opt/airflow/dags/real_estate_pipeline_dag.py
[2026-07-02T10:49:17.397+0000] {logging_mixin.py:188} INFO - [2026-07-02T10:49:17.396+0000] {dag.py:3096} INFO - Sync 1 DAGs
[2026-07-02T10:49:17.441+0000] {logging_mixin.py:188} INFO - [2026-07-02T10:49:17.441+0000] {dag.py:3954} INFO - Setting next_dagrun for real_estate_pipeline to 2026-07-01 00:00:00+00:00, run_after=2026-07-02 00:00:00+00:00
[2026-07-02T10:49:17.481+0000] {processor.py:183} INFO - Processing /opt/airflow/dags/real_estate_pipeline_dag.py took 0.256 seconds
[2026-07-02T10:49:47.817+0000] {processor.py:161} INFO - Started process (PID=428) to work on /opt/airflow/dags/real_estate_pipeline_dag.py
[2026-07-02T10:49:47.819+0000] {processor.py:830} INFO - Processing file /opt/airflow/dags/real_estate_pipeline_dag.py for tasks to queue
[2026-07-02T10:49:47.823+0000] {logging_mixin.py:188} INFO - [2026-07-02T10:49:47.822+0000] {dagbag.py:545} INFO - Filling up the DagBag from /opt/airflow/dags/real_estate_pipeline_dag.py
[2026-07-02T10:49:47.871+0000] {processor.py:840} INFO - DAG(s) 'real_estate_pipeline' retrieved from /opt/airflow/dags/real_estate_pipeline_dag.py
[2026-07-02T10:49:47.979+0000] {logging_mixin.py:188} INFO - [2026-07-02T10:49:47.979+0000] {dag.py:3096} INFO - Sync 1 DAGs
[2026-07-02T10:49:48.023+0000] {logging_mixin.py:188} INFO - [2026-07-02T10:49:48.023+0000] {dag.py:3954} INFO - Setting next_dagrun for real_estate_pipeline to 2026-07-01 00:00:00+00:00, run_after=2026-07-02 00:00:00+00:00
[2026-07-02T10:49:48.063+0000] {processor.py:183} INFO - Processing /opt/airflow/dags/real_estate_pipeline_dag.py took 0.259 seconds
[2026-07-02T10:50:18.387+0000] {processor.py:161} INFO - Started process (PID=433) to work on /opt/airflow/dags/real_estate_pipeline_dag.py
[2026-07-02T10:50:18.389+0000] {processor.py:830} INFO - Processing file /opt/airflow/dags/real_estate_pipeline_dag.py for tasks to queue
[2026-07-02T10:50:18.393+0000] {logging_mixin.py:188} INFO - [2026-07-02T10:50:18.393+0000] {dagbag.py:545} INFO - Filling up the DagBag from /opt/airflow/dags/real_estate_pipeline_dag.py
[2026-07-02T10:50:18.446+0000] {processor.py:840} INFO - DAG(s) 'real_estate_pipeline' retrieved from /opt/airflow/dags/real_estate_pipeline_dag.py
[2026-07-02T10:50:18.555+0000] {logging_mixin.py:188} INFO - [2026-07-02T10:50:18.555+0000] {dag.py:3096} INFO - Sync 1 DAGs
[2026-07-02T10:50:18.605+0000] {logging_mixin.py:188} INFO - [2026-07-02T10:50:18.605+0000] {dag.py:3954} INFO - Setting next_dagrun for real_estate_pipeline to 2026-07-01 00:00:00+00:00, run_after=2026-07-02 00:00:00+00:00
[2026-07-02T10:50:18.647+0000] {processor.py:183} INFO - Processing /opt/airflow/dags/real_estate_pipeline_dag.py took 0.273 seconds
[2026-07-02T10:50:48.966+0000] {processor.py:161} INFO - Started process (PID=438) to work on /opt/airflow/dags/real_estate_pipeline_dag.py
[2026-07-02T10:50:48.968+0000] {processor.py:830} INFO - Processing file /opt/airflow/dags/real_estate_pipeline_dag.py for tasks to queue
[2026-07-02T10:50:48.972+0000] {logging_mixin.py:188} INFO - [2026-07-02T10:50:48.971+0000] {dagbag.py:545} INFO - Filling up the DagBag from /opt/airflow/dags/real_estate_pipeline_dag.py
[2026-07-02T10:50:49.029+0000] {processor.py:840} INFO - DAG(s) 'real_estate_pipeline' retrieved from /opt/airflow/dags/real_estate_pipeline_dag.py
[2026-07-02T10:50:49.141+0000] {logging_mixin.py:188} INFO - [2026-07-02T10:50:49.140+0000] {dag.py:3096} INFO - Sync 1 DAGs
[2026-07-02T10:50:49.189+0000] {logging_mixin.py:188} INFO - [2026-07-02T10:50:49.189+0000] {dag.py:3954} INFO - Setting next_dagrun for real_estate_pipeline to 2026-07-01 00:00:00+00:00, run_after=2026-07-02 00:00:00+00:00
[2026-07-02T10:50:49.253+0000] {processor.py:183} INFO - Processing /opt/airflow/dags/real_estate_pipeline_dag.py took 0.299 seconds
[2026-07-02T10:51:19.581+0000] {processor.py:161} INFO - Started process (PID=443) to work on /opt/airflow/dags/real_estate_pipeline_dag.py
[2026-07-02T10:51:19.583+0000] {processor.py:830} INFO - Processing file /opt/airflow/dags/real_estate_pipeline_dag.py for tasks to queue
[2026-07-02T10:51:19.587+0000] {logging_mixin.py:188} INFO - [2026-07-02T10:51:19.586+0000] {dagbag.py:545} INFO - Filling up the DagBag from /opt/airflow/dags/real_estate_pipeline_dag.py
[2026-07-02T10:51:19.639+0000] {processor.py:840} INFO - DAG(s) 'real_estate_pipeline' retrieved from /opt/airflow/dags/real_estate_pipeline_dag.py
[2026-07-02T10:51:19.748+0000] {logging_mixin.py:188} INFO - [2026-07-02T10:51:19.747+0000] {dag.py:3096} INFO - Sync 1 DAGs
[2026-07-02T10:51:19.796+0000] {logging_mixin.py:188} INFO - [2026-07-02T10:51:19.795+0000] {dag.py:3954} INFO - Setting next_dagrun for real_estate_pipeline to 2026-07-01 00:00:00+00:00, run_after=2026-07-02 00:00:00+00:00
[2026-07-02T10:51:19.838+0000] {processor.py:183} INFO - Processing /opt/airflow/dags/real_estate_pipeline_dag.py took 0.270 seconds
[2026-07-02T10:51:50.161+0000] {processor.py:161} INFO - Started process (PID=448) to work on /opt/airflow/dags/real_estate_pipeline_dag.py
[2026-07-02T10:51:50.164+0000] {processor.py:830} INFO - Processing file /opt/airflow/dags/real_estate_pipeline_dag.py for tasks to queue
[2026-07-02T10:51:50.168+0000] {logging_mixin.py:188} INFO - [2026-07-02T10:51:50.167+0000] {dagbag.py:545} INFO - Filling up the DagBag from /opt/airflow/dags/real_estate_pipeline_dag.py
[2026-07-02T10:51:50.224+0000] {processor.py:840} INFO - DAG(s) 'real_estate_pipeline' retrieved from /opt/airflow/dags/real_estate_pipeline_dag.py
[2026-07-02T10:51:50.351+0000] {logging_mixin.py:188} INFO - [2026-07-02T10:51:50.351+0000] {dag.py:3096} INFO - Sync 1 DAGs
[2026-07-02T10:51:50.401+0000] {logging_mixin.py:188} INFO - [2026-07-02T10:51:50.401+0000] {dag.py:3954} INFO - Setting next_dagrun for real_estate_pipeline to 2026-07-01 00:00:00+00:00, run_after=2026-07-02 00:00:00+00:00
[2026-07-02T10:51:50.447+0000] {processor.py:183} INFO - Processing /opt/airflow/dags/real_estate_pipeline_dag.py took 0.298 seconds
[2026-07-02T10:52:20.765+0000] {processor.py:161} INFO - Started process (PID=453) to work on /opt/airflow/dags/real_estate_pipeline_dag.py
[2026-07-02T10:52:20.767+0000] {processor.py:830} INFO - Processing file /opt/airflow/dags/real_estate_pipeline_dag.py for tasks to queue
[2026-07-02T10:52:20.771+0000] {logging_mixin.py:188} INFO - [2026-07-02T10:52:20.770+0000] {dagbag.py:545} INFO - Filling up the DagBag from /opt/airflow/dags/real_estate_pipeline_dag.py
[2026-07-02T10:52:20.816+0000] {processor.py:840} INFO - DAG(s) 'real_estate_pipeline' retrieved from /opt/airflow/dags/real_estate_pipeline_dag.py
[2026-07-02T10:52:20.922+0000] {logging_mixin.py:188} INFO - [2026-07-02T10:52:20.922+0000] {dag.py:3096} INFO - Sync 1 DAGs
[2026-07-02T10:52:20.969+0000] {logging_mixin.py:188} INFO - [2026-07-02T10:52:20.969+0000] {dag.py:3954} INFO - Setting next_dagrun for real_estate_pipeline to 2026-07-01 00:00:00+00:00, run_after=2026-07-02 00:00:00+00:00
[2026-07-02T10:52:21.008+0000] {processor.py:183} INFO - Processing /opt/airflow/dags/real_estate_pipeline_dag.py took 0.256 seconds
[2026-07-02T10:52:51.346+0000] {processor.py:161} INFO - Started process (PID=458) to work on /opt/airflow/dags/real_estate_pipeline_dag.py
[2026-07-02T10:52:51.350+0000] {processor.py:830} INFO - Processing file /opt/airflow/dags/real_estate_pipeline_dag.py for tasks to queue
[2026-07-02T10:52:51.356+0000] {logging_mixin.py:188} INFO - [2026-07-02T10:52:51.355+0000] {dagbag.py:545} INFO - Filling up the DagBag from /opt/airflow/dags/real_estate_pipeline_dag.py
[2026-07-02T10:52:51.415+0000] {processor.py:840} INFO - DAG(s) 'real_estate_pipeline' retrieved from /opt/airflow/dags/real_estate_pipeline_dag.py
[2026-07-02T10:52:51.531+0000] {logging_mixin.py:188} INFO - [2026-07-02T10:52:51.531+0000] {dag.py:3096} INFO - Sync 1 DAGs
[2026-07-02T10:52:51.583+0000] {logging_mixin.py:188} INFO - [2026-07-02T10:52:51.583+0000] {dag.py:3954} INFO - Setting next_dagrun for real_estate_pipeline to 2026-07-01 00:00:00+00:00, run_after=2026-07-02 00:00:00+00:00
[2026-07-02T10:52:51.626+0000] {processor.py:183} INFO - Processing /opt/airflow/dags/real_estate_pipeline_dag.py took 0.295 seconds
[2026-07-02T10:53:22.034+0000] {processor.py:161} INFO - Started process (PID=463) to work on /opt/airflow/dags/real_estate_pipeline_dag.py
[2026-07-02T10:53:22.036+0000] {processor.py:830} INFO - Processing file /opt/airflow/dags/real_estate_pipeline_dag.py for tasks to queue
[2026-07-02T10:53:22.040+0000] {logging_mixin.py:188} INFO - [2026-07-02T10:53:22.040+0000] {dagbag.py:545} INFO - Filling up the DagBag from /opt/airflow/dags/real_estate_pipeline_dag.py
[2026-07-02T10:53:22.105+0000] {processor.py:840} INFO - DAG(s) 'real_estate_pipeline' retrieved from /opt/airflow/dags/real_estate_pipeline_dag.py
[2026-07-02T10:53:22.231+0000] {logging_mixin.py:188} INFO - [2026-07-02T10:53:22.230+0000] {dag.py:3096} INFO - Sync 1 DAGs
[2026-07-02T10:53:22.275+0000] {logging_mixin.py:188} INFO - [2026-07-02T10:53:22.274+0000] {dag.py:3954} INFO - Setting next_dagrun for real_estate_pipeline to 2026-07-01 00:00:00+00:00, run_after=2026-07-02 00:00:00+00:00
[2026-07-02T10:53:22.318+0000] {processor.py:183} INFO - Processing /opt/airflow/dags/real_estate_pipeline_dag.py took 0.303 seconds
[2026-07-02T10:53:52.947+0000] {processor.py:161} INFO - Started process (PID=468) to work on /opt/airflow/dags/real_estate_pipeline_dag.py
[2026-07-02T10:53:52.956+0000] {processor.py:830} INFO - Processing file /opt/airflow/dags/real_estate_pipeline_dag.py for tasks to queue
[2026-07-02T10:53:52.973+0000] {logging_mixin.py:188} INFO - [2026-07-02T10:53:52.971+0000] {dagbag.py:545} INFO - Filling up the DagBag from /opt/airflow/dags/real_estate_pipeline_dag.py
[2026-07-02T10:53:53.111+0000] {processor.py:840} INFO - DAG(s) 'real_estate_pipeline' retrieved from /opt/airflow/dags/real_estate_pipeline_dag.py
[2026-07-02T10:53:53.407+0000] {logging_mixin.py:188} INFO - [2026-07-02T10:53:53.406+0000] {dag.py:3096} INFO - Sync 1 DAGs
[2026-07-02T10:53:53.601+0000] {logging_mixin.py:188} INFO - [2026-07-02T10:53:53.599+0000] {dag.py:3954} INFO - Setting next_dagrun for real_estate_pipeline to 2026-07-01 00:00:00+00:00, run_after=2026-07-02 00:00:00+00:00
[2026-07-02T10:53:53.847+0000] {processor.py:183} INFO - Processing /opt/airflow/dags/real_estate_pipeline_dag.py took 0.944 seconds
[2026-07-02T11:55:03.599+0000] {processor.py:161} INFO - Started process (PID=473) to work on /opt/airflow/dags/real_estate_pipeline_dag.py
[2026-07-02T11:55:03.624+0000] {processor.py:830} INFO - Processing file /opt/airflow/dags/real_estate_pipeline_dag.py for tasks to queue
[2026-07-02T11:55:03.652+0000] {logging_mixin.py:188} INFO - [2026-07-02T11:55:03.650+0000] {dagbag.py:545} INFO - Filling up the DagBag from /opt/airflow/dags/real_estate_pipeline_dag.py
[2026-07-02T11:55:04.081+0000] {processor.py:840} INFO - DAG(s) 'real_estate_pipeline' retrieved from /opt/airflow/dags/real_estate_pipeline_dag.py
[2026-07-02T11:55:04.393+0000] {logging_mixin.py:188} INFO - [2026-07-02T11:55:04.392+0000] {dag.py:3096} INFO - Sync 1 DAGs
[2026-07-02T11:55:04.509+0000] {logging_mixin.py:188} INFO - [2026-07-02T11:55:04.508+0000] {dag.py:3954} INFO - Setting next_dagrun for real_estate_pipeline to 2026-07-01 00:00:00+00:00, run_after=2026-07-02 00:00:00+00:00
[2026-07-02T11:55:04.610+0000] {processor.py:183} INFO - Processing /opt/airflow/dags/real_estate_pipeline_dag.py took 1.171 seconds
[2026-07-02T11:55:34.812+0000] {processor.py:161} INFO - Started process (PID=478) to work on /opt/airflow/dags/real_estate_pipeline_dag.py
[2026-07-02T11:55:34.815+0000] {processor.py:830} INFO - Processing file /opt/airflow/dags/real_estate_pipeline_dag.py for tasks to queue
[2026-07-02T11:55:34.821+0000] {logging_mixin.py:188} INFO - [2026-07-02T11:55:34.820+0000] {dagbag.py:545} INFO - Filling up the DagBag from /opt/airflow/dags/real_estate_pipeline_dag.py
[2026-07-02T11:55:34.894+0000] {processor.py:840} INFO - DAG(s) 'real_estate_pipeline' retrieved from /opt/airflow/dags/real_estate_pipeline_dag.py
[2026-07-02T11:55:35.033+0000] {logging_mixin.py:188} INFO - [2026-07-02T11:55:35.032+0000] {dag.py:3096} INFO - Sync 1 DAGs
[2026-07-02T11:55:35.089+0000] {logging_mixin.py:188} INFO - [2026-07-02T11:55:35.088+0000] {dag.py:3954} INFO - Setting next_dagrun for real_estate_pipeline to 2026-07-01 00:00:00+00:00, run_after=2026-07-02 00:00:00+00:00
[2026-07-02T11:55:35.133+0000] {processor.py:183} INFO - Processing /opt/airflow/dags/real_estate_pipeline_dag.py took 0.342 seconds
[2026-07-02T11:56:05.283+0000] {processor.py:161} INFO - Started process (PID=483) to work on /opt/airflow/dags/real_estate_pipeline_dag.py
[2026-07-02T11:56:05.288+0000] {processor.py:830} INFO - Processing file /opt/airflow/dags/real_estate_pipeline_dag.py for tasks to queue
[2026-07-02T11:56:05.292+0000] {logging_mixin.py:188} INFO - [2026-07-02T11:56:05.291+0000] {dagbag.py:545} INFO - Filling up the DagBag from /opt/airflow/dags/real_estate_pipeline_dag.py
[2026-07-02T11:56:05.349+0000] {processor.py:840} INFO - DAG(s) 'real_estate_pipeline' retrieved from /opt/airflow/dags/real_estate_pipeline_dag.py
[2026-07-02T11:56:05.470+0000] {logging_mixin.py:188} INFO - [2026-07-02T11:56:05.470+0000] {dag.py:3096} INFO - Sync 1 DAGs
[2026-07-02T11:56:05.522+0000] {logging_mixin.py:188} INFO - [2026-07-02T11:56:05.522+0000] {dag.py:3954} INFO - Setting next_dagrun for real_estate_pipeline to 2026-07-01 00:00:00+00:00, run_after=2026-07-02 00:00:00+00:00
[2026-07-02T11:56:05.568+0000] {processor.py:183} INFO - Processing /opt/airflow/dags/real_estate_pipeline_dag.py took 0.298 seconds
[2026-07-02T11:56:35.756+0000] {processor.py:161} INFO - Started process (PID=488) to work on /opt/airflow/dags/real_estate_pipeline_dag.py
[2026-07-02T11:56:35.759+0000] {processor.py:830} INFO - Processing file /opt/airflow/dags/real_estate_pipeline_dag.py for tasks to queue
[2026-07-02T11:56:35.765+0000] {logging_mixin.py:188} INFO - [2026-07-02T11:56:35.764+0000] {dagbag.py:545} INFO - Filling up the DagBag from /opt/airflow/dags/real_estate_pipeline_dag.py
[2026-07-02T11:56:35.825+0000] {processor.py:840} INFO - DAG(s) 'real_estate_pipeline' retrieved from /opt/airflow/dags/real_estate_pipeline_dag.py
[2026-07-02T11:56:35.946+0000] {logging_mixin.py:188} INFO - [2026-07-02T11:56:35.946+0000] {dag.py:3096} INFO - Sync 1 DAGs
[2026-07-02T11:56:35.997+0000] {logging_mixin.py:188} INFO - [2026-07-02T11:56:35.996+0000] {dag.py:3954} INFO - Setting next_dagrun for real_estate_pipeline to 2026-07-01 00:00:00+00:00, run_after=2026-07-02 00:00:00+00:00
[2026-07-02T11:56:36.038+0000] {processor.py:183} INFO - Processing /opt/airflow/dags/real_estate_pipeline_dag.py took 0.298 seconds
